Log file open, 08/12/25 19:42:32
LogConsoleManager: Warning: Console object named 'p.ForceJumpPeakSubstep' already exists but is being registered again, but we weren't expected it to be! (FConsoleManager::AddConsoleObject)
LogConsoleManager: Warning: Console object named 'p.UseTargetVelocityOnImpact' already exists but is being registered again, but we weren't expected it to be! (FConsoleManager::AddConsoleObject)
LogWindows: Custom abort handler registered for crash reporting.
LogPakFile: Display: Found Pak file ../../../Project_Plague/Content/Paks/Project_Plague-Windows_250726_7486780_P.pak attempting to mount.
LogPakFile: Display: Mounting pak file ../../../Project_Plague/Content/Paks/Project_Plague-Windows_250726_7486780_P.pak.
LogPakFile: Display: Mounted Pak file '../../../Project_Plague/Content/Paks/Project_Plague-Windows_250726_7486780_P.pak', mount point: '../../../Project_Plague/'
LogPakFile: Display: Mount point: '../../../Project_Plague/' is not mounted to a valid Root Path yet, assets in this pak file may not be accessible until a corresponding UFS Mount Point is added through FPackageName::RegisterMountPoint.
LogPakFile: Display: Found Pak file ../../../Project_Plague/Content/Paks/Project_Plague-Windows_250725_7358466_P.pak attempting to mount.
LogPakFile: Display: Mounting pak file ../../../Project_Plague/Content/Paks/Project_Plague-Windows_250725_7358466_P.pak.
LogPakFile: Display: Mounted Pak file '../../../Project_Plague/Content/Paks/Project_Plague-Windows_250725_7358466_P.pak', mount point: '../../../Project_Plague/'
LogPakFile: Display: Mount point: '../../../Project_Plague/' is not mounted to a valid Root Path yet, assets in this pak file may not be accessible until a corresponding UFS Mount Point is added through FPackageName::RegisterMountPoint.
LogPakFile: Display: Found Pak file ../../../Project_Plague/Content/Paks/Project_Plague-Windows_0_P.pak attempting to mount.
LogPakFile: Display: Mounting pak file ../../../Project_Plague/Content/Paks/Project_Plague-Windows_0_P.pak.
LogPakFile: Display: Mounted Pak file '../../../Project_Plague/Content/Paks/Project_Plague-Windows_0_P.pak', mount point: '../../../Project_Plague/'
LogPakFile: Display: Mount point: '../../../Project_Plague/' is not mounted to a valid Root Path yet, assets in this pak file may not be accessible until a corresponding UFS Mount Point is added through FPackageName::RegisterMountPoint.
LogPakFile: Display: Found Pak file ../../../Project_Plague/Content/Paks/Project_Plague-Windows.pak attempting to mount.
LogPakFile: Display: Mounting pak file ../../../Project_Plague/Content/Paks/Project_Plague-Windows.pak.
LogPakFile: Display: Mounted Pak file '../../../Project_Plague/Content/Paks/Project_Plague-Windows.pak', mount point: '../../../'
LogICUInternationalization: ICU TimeZone Detection - Raw Offset: +8:00, Platform Override: ''
LogInit: Session CrashGUID >====================================================
         Session CrashGUID >   UECC-Windows-71A6014F4D02F01B8F99D29A345AF83D
         Session CrashGUID >====================================================
LogConfig: Warning: Found a deprecated ini section name in ../../../Project_Plague/Config/DefaultGame.ini. Search for [WhitelistConfigFiles] and replace with [AllowedConfigFiles]
LogConfig: Warning: Found a deprecated ini section name in ../../../Project_Plague/Config/DefaultGame.ini. Search for [WhitelistConfigFiles] and replace with [AllowedConfigFiles]
LogConfig: Warning: Found a deprecated ini section name in ../../../Project_Plague/Config/DefaultGame.ini. Search for [WhitelistConfigFiles] and replace with [AllowedConfigFiles]
LogConfig: Warning: Found a deprecated ini section name in ../../../Project_Plague/Config/DefaultGame.ini. Search for [WhitelistConfigFiles] and replace with [AllowedConfigFiles]
LogConfig: Warning: Found a deprecated ini section name in ../../../Project_Plague/Config/DefaultGame.ini. Search for [WhitelistConfigFiles] and replace with [AllowedConfigFiles]
LogConfig: Warning: Found a deprecated ini section name in ../../../Project_Plague/Config/DefaultGame.ini. Search for [WhitelistConfigFiles] and replace with [AllowedConfigFiles]
LogConfig: Warning: Found a deprecated ini section name in ../../../Project_Plague/Config/DefaultGame.ini. Search for [WhitelistConfigFiles] and replace with [AllowedConfigFiles]
LogConfig: Warning: Found a deprecated ini section name in ../../../Project_Plague/Config/DefaultGame.ini. Search for [BlacklistConfigFiles] and replace with [DisallowedConfigFiles]
LogConfig: Warning: Found a deprecated ini section name in ../../../Project_Plague/Config/DefaultGame.ini. Search for [BlacklistConfigFiles] and replace with [DisallowedConfigFiles]
LogPluginManager: Mounting Project plugin BRPlugins
LogPluginManager: Mounting Project plugin BlueprintServerConnection
LogPluginManager: Mounting Project plugin CommonUtils
LogPluginManager: Mounting Project plugin ControlRigEditorExtend
LogPluginManager: Mounting Project plugin ControlRigExtend
LogPluginManager: Mounting Project plugin CriWareCinematics
LogPluginManager: Mounting Project plugin CriWareExtends
LogPluginManager: Mounting Project plugin CriWareLips
LogPluginManager: Mounting Project plugin CriWare
LogPluginManager: Mounting Project plugin CustomizationStyle
LogPluginManager: Mounting Project plugin DCSOnlineSystem
LogPluginManager: Mounting Project plugin DialoguePlugin
LogPluginManager: Mounting Project plugin DynamicCombatSystem
LogPluginManager: Mounting Project plugin EngineCustomized
LogPluginManager: Mounting Project plugin ExternCommand
LogPluginManager: Mounting Project plugin GameBooterTest
LogPluginManager: Mounting Project plugin GameBooter
LogPluginManager: Mounting Project plugin AICombatScript
LogPluginManager: Mounting Project plugin CharacterStrategy
LogPluginManager: Mounting Project plugin DCCaculatorNative
LogPluginManager: Mounting Project plugin DCCaculatorTest
LogPluginManager: Mounting Project plugin DCCaculator
LogPluginManager: Mounting Project plugin DCSGemStore
LogPluginManager: Mounting Project plugin DebugWidget
LogPluginManager: Mounting Project plugin GameConfigerNative
LogPluginManager: Mounting Project plugin GameConfigerTest
LogPluginManager: Mounting Project plugin GameConfiger
LogPluginManager: Mounting Project plugin GameSaverNative
LogPluginManager: Mounting Project plugin GameSaverTest
LogPluginManager: Mounting Project plugin GameSaver
LogPluginManager: Mounting Project plugin HQR_TableEditor
LogPluginManager: Mounting Project plugin PortablePolicyOfWorldLoading
LogPluginManager: Mounting Project plugin StarGraphHelperNative
LogPluginManager: Mounting Project plugin StarGraphHelperTest
LogPluginManager: Mounting Project plugin StarGraphHelper
LogPluginManager: Mounting Project plugin HardwareHelper
LogAssetRegistry: Premade AssetRegistry loaded from '../../../Project_Plague/AssetRegistry.bin'
LogPluginManager: Mounting Project plugin InteractiveWorld
LogPluginManager: Mounting Project plugin MMPlatformHelper
LogPluginManager: Mounting Project plugin NiagaraUIRenderer
LogPluginManager: Mounting Project plugin PSOcacheHinter
LogPluginManager: Mounting Project plugin PlusMerge
LogPluginManager: Mounting Project plugin PureEditorTools
LogPluginManager: Mounting Project plugin TestCppTaskMoveTo
LogPluginManager: Mounting Project plugin TestLevelTools
LogPluginManager: Mounting Project plugin UE4ToUE5
LogPluginManager: Mounting Project plugin UpgradeTools
LogPluginManager: Mounting Project plugin WidgetGroupInput
LogPluginManager: Mounting Project plugin Wwise
LogPluginManager: Mounting Project plugin panda_framework_assemble_api
LogPluginManager: Mounting Project plugin panda_framework_script
LogPluginManager: Mounting Engine plugin Paper2D
LogPluginManager: Mounting Engine plugin AISupport
LogPluginManager: Mounting Engine plugin EnvironmentQueryEditor
LogPluginManager: Mounting Engine plugin ControlRigSpline
LogPluginManager: Mounting Engine plugin ControlRig
LogPluginManager: Mounting Engine plugin GameplayInsights
LogPluginManager: Mounting Engine plugin IKRig
LogPluginManager: Mounting Engine plugin Bridge
LogPluginManager: Mounting Engine plugin CameraShakePreviewer
LogPluginManager: Mounting Engine plugin GameplayCameras
LogPluginManager: Mounting Engine plugin OpenColorIO
LogPluginManager: Mounting Engine plugin OodleNetwork
LogPluginManager: Mounting Engine plugin AnimationSharing
LogPluginManager: Mounting Engine plugin PluginUtils
LogPluginManager: Mounting Engine plugin TraceSourceFilters
LogPluginManager: Mounting Engine plugin UObjectPlugin
LogPluginManager: Mounting Engine plugin AssetManagerEditor
LogPluginManager: Mounting Engine plugin BlueprintHeaderView
LogPluginManager: Mounting Engine plugin BlueprintMaterialTextureNodes
LogPluginManager: Mounting Engine plugin EditorScriptingUtilities
LogPluginManager: Mounting Engine plugin FacialAnimation
LogPluginManager: Mounting Engine plugin GeometryMode
LogPluginManager: Mounting Engine plugin ModelingToolsEditorMode
LogPluginManager: Mounting Engine plugin LightMixer
LogPluginManager: Mounting Engine plugin ObjectMixer
LogPluginManager: Mounting Engine plugin SequencerAnimTools
LogPluginManager: Mounting Engine plugin SpeedTreeImporter
LogPluginManager: Mounting Engine plugin StylusInput
LogPluginManager: Mounting Engine plugin EnhancedInput
LogPluginManager: Mounting Engine plugin DatasmithContent
LogPluginManager: Mounting Engine plugin GLTFExporter
LogPluginManager: Mounting Engine plugin VariantManagerContent
LogPluginManager: Mounting Engine plugin AutomationUtils
LogPluginManager: Mounting Engine plugin BackChannel
LogPluginManager: Mounting Engine plugin ChaosCaching
LogPluginManager: Mounting Engine plugin ChaosClothEditor
LogPluginManager: Mounting Engine plugin ChaosCloth
LogPluginManager: Mounting Engine plugin ChaosEditor
LogPluginManager: Mounting Engine plugin ChaosNiagara
LogPluginManager: Mounting Engine plugin ChaosSolverPlugin
LogPluginManager: Mounting Engine plugin ChaosUserDataPT
LogPluginManager: Mounting Engine plugin CharacterAI
LogPluginManager: Mounting Engine plugin Dataflow
LogPluginManager: Mounting Engine plugin FieldSystemPlugin
LogPluginManager: Mounting Engine plugin FullBodyIK
LogPluginManager: Mounting Engine plugin GeometryCollectionPlugin
LogPluginManager: Mounting Engine plugin Iris
LogPluginManager: Mounting Engine plugin Landmass
LogPluginManager: Mounting Engine plugin OpenImageDenoise
LogPluginManager: Mounting Engine plugin PlatformCrypto
LogPluginManager: Mounting Engine plugin PythonScriptPlugin
LogPluginManager: Mounting Engine plugin RawInput
LogPluginManager: Mounting Engine plugin UVEditor
LogPluginManager: Mounting Engine plugin VirtualHeightfieldMesh
LogPluginManager: Mounting Engine plugin Volumetrics
LogPluginManager: Mounting Engine plugin Niagara
LogPluginManager: Mounting Engine plugin AlembicImporter
LogPluginManager: Mounting Engine plugin InterchangeEditor
LogPluginManager: Mounting Engine plugin FSR3
LogPluginManager: Mounting Engine plugin AvfMedia
LogPluginManager: Mounting Engine plugin ImgMedia
LogPluginManager: Mounting Engine plugin MediaCompositing
LogPluginManager: Mounting Engine plugin MediaPlate
LogPluginManager: Mounting Engine plugin MfMedia
LogPluginManager: Mounting Engine plugin WebMMedia
LogPluginManager: Mounting Engine plugin WmfMedia
LogPluginManager: Mounting Engine plugin MeshPainting
LogPluginManager: Mounting Engine plugin TcpMessaging
LogPluginManager: Mounting Engine plugin UdpMessaging
LogPluginManager: Mounting Engine plugin ActorSequence
LogPluginManager: Mounting Engine plugin LevelSequenceEditor
LogPluginManager: Mounting Engine plugin MovieRenderPipeline
LogPluginManager: Mounting Engine plugin SequencerScripting
LogPluginManager: Mounting Engine plugin TemplateSequence
LogPluginManager: Mounting Engine plugin EOSShared
LogPluginManager: Mounting Engine plugin OnlineBase
LogPluginManager: Mounting Engine plugin OnlineServices
LogPluginManager: Mounting Engine plugin OnlineSubsystemEOS
LogPluginManager: Mounting Engine plugin OnlineSubsystemGOG
LogPluginManager: Mounting Engine plugin OnlineSubsystemNull
LogPluginManager: Mounting Engine plugin OnlineSubsystemSteam
LogPluginManager: Mounting Engine plugin OnlineSubsystemUtils
LogPluginManager: Mounting Engine plugin OnlineSubsystem
LogPluginManager: Mounting Engine plugin SocketSubsystemEOS
LogPluginManager: Mounting Engine plugin EOSVoiceChat
LogPluginManager: Mounting Engine plugin LauncherChunkInstaller
LogPluginManager: Mounting Engine plugin ActorLayerUtilities
LogPluginManager: Mounting Engine plugin AndroidFileServer
LogPluginManager: Mounting Engine plugin AndroidPermission
LogPluginManager: Mounting Engine plugin ApexDestruction
LogPluginManager: Mounting Engine plugin AppleImageUtils
LogPluginManager: Mounting Engine plugin ArchVisCharacter
LogPluginManager: Mounting Engine plugin AssetTags
LogPluginManager: Mounting Engine plugin AudioCapture
LogPluginManager: Mounting Engine plugin AudioSynesthesia
LogPluginManager: Mounting Engine plugin AudioWidgets
LogPluginManager: Mounting Engine plugin CableComponent
LogPluginManager: Mounting Engine plugin ChunkDownloader
LogPluginManager: Mounting Engine plugin CustomMeshComponent
LogPluginManager: Mounting Engine plugin ExampleDeviceProfileSelector
LogPluginManager: Mounting Engine plugin GeometryCache
LogPluginManager: Mounting Engine plugin GeometryProcessing
LogPluginManager: Mounting Engine plugin GooglePAD
LogPluginManager: Mounting Engine plugin HDRIBackdrop
LogPluginManager: Mounting Engine plugin LocationServicesBPLibrary
LogPluginManager: Mounting Engine plugin Metasound
LogPluginManager: Mounting Engine plugin MobilePatchingUtils
LogPluginManager: Mounting Engine plugin CVarVolume
LogPluginManager: Mounting Engine plugin DLSSMoviePipelineSupport
LogPluginManager: Mounting Engine plugin DLSS
LogPluginManager: Mounting Engine plugin NIS
LogPluginManager: Mounting Engine plugin NRD
LogPluginManager: Mounting Engine plugin Streamline
LogPluginManager: Mounting Engine plugin ProceduralMeshComponent
LogPluginManager: Mounting Engine plugin PropertyAccessEditor
LogPluginManager: Mounting Engine plugin ResonanceAudio
LogPluginManager: Mounting Engine plugin SignificanceManager
LogPluginManager: Mounting Engine plugin SoundFields
LogPluginManager: Mounting Engine plugin SteamShared
LogPluginManager: Mounting Engine plugin Synthesis
LogPluginManager: Mounting Engine plugin WaveTable
LogPluginManager: Mounting Engine plugin WebMMoviePlayer
LogPluginManager: Mounting Engine plugin WindowsDeviceProfileSelector
LogPluginManager: Mounting Engine plugin WindowsMoviePlayer
LogPluginManager: Mounting Engine plugin WinDualShock
LogPluginManager: Mounting Engine plugin SlateInsights
LogPluginManager: Mounting Engine plugin EditorTests
LogPluginManager: Mounting Engine plugin FunctionalTestingEditor
LogPluginManager: Mounting Engine plugin TraceUtilities
LogPluginManager: Mounting Engine plugin Takes
LogPackageName: Display: FPackageName: Mount point added: '../../Plugins/BRPlugins/Content/' mounted to '/BRPlugins/'
LogPackageName: Display: FPackageName: Mount point added: '../../Plugins/CommonUtils/Content/' mounted to '/CommonUtils/'
LogPackageName: Display: FPackageName: Mount point added: '../../Plugins/ControlRigEditorExtend/Content/' mounted to '/ControlRigEditorExtend/'
LogPackageName: Display: FPackageName: Mount point added: '../../Plugins/ControlRigExtend/Content/' mounted to '/ControlRigExtend/'
LogPackageName: Display: FPackageName: Mount point added: '../../Plugins/CriWareModules/CriWareCinematics/Content/' mounted to '/CriWareCinematics/'
LogPackageName: Display: FPackageName: Mount point added: '../../Plugins/CriWareModules/CriWareExtends/Content/' mounted to '/CriWareExtends/'
LogPackageName: Display: FPackageName: Mount point added: '../../Plugins/CriWareModules/CriWareLips/Content/' mounted to '/CriWareLips/'
LogPackageName: Display: FPackageName: Mount point added: '../../Plugins/CriWareModules/CriWare/Content/' mounted to '/CriWare/'
LogPackageName: Display: FPackageName: Mount point added: '../../Plugins/DCSOnlineSystem/Content/' mounted to '/DCSOnlineSystem/'
LogPackageName: Display: FPackageName: Mount point added: '../../Plugins/DialoguePlugin/Content/' mounted to '/DialoguePlugin/'
LogPackageName: Display: FPackageName: Mount point added: '../../Plugins/DynamicCombatSystem/Content/' mounted to '/DynamicCombatSystem/'
LogPackageName: Display: FPackageName: Mount point added: '../../Plugins/EngineCustomized/Content/' mounted to '/EngineCustomized/'
LogPackageName: Display: FPackageName: Mount point added: '../../Plugins/ExternCommand/Content/' mounted to '/ExternCommand/'
LogPackageName: Display: FPackageName: Mount point added: '../../Plugins/GameBooterTest/Content/' mounted to '/GameBooterTest/'
LogPackageName: Display: FPackageName: Mount point added: '../../Plugins/GameBooter/Content/' mounted to '/GameBooter/'
LogPackageName: Display: FPackageName: Mount point added: '../../Plugins/GameModules/AICombatScript/Content/' mounted to '/AICombatScript/'
LogPackageName: Display: FPackageName: Mount point added: '../../Plugins/GameModules/CharacterStrategy/Content/' mounted to '/CharacterStrategy/'
LogPackageName: Display: FPackageName: Mount point added: '../../Plugins/GameModules/DCCaculatorNative/Content/' mounted to '/DCCaculatorNative/'
LogPackageName: Display: FPackageName: Mount point added: '../../Plugins/GameModules/DCCaculatorTest/Content/' mounted to '/DCCaculatorTest/'
LogPackageName: Display: FPackageName: Mount point added: '../../Plugins/GameModules/DCCaculator/Content/' mounted to '/DCCaculator/'
LogPackageName: Display: FPackageName: Mount point added: '../../Plugins/GameModules/DCSGemStore/Content/' mounted to '/DCSGemStore/'
LogPackageName: Display: FPackageName: Mount point added: '../../Plugins/GameModules/DebugWidget/Content/' mounted to '/DebugWidget/'
LogPackageName: Display: FPackageName: Mount point added: '../../Plugins/GameModules/GameConfigerNative/Content/' mounted to '/GameConfigerNative/'
LogPackageName: Display: FPackageName: Mount point added: '../../Plugins/GameModules/GameConfigerTest/Content/' mounted to '/GameConfigerTest/'
LogPackageName: Display: FPackageName: Mount point added: '../../Plugins/GameModules/GameConfiger/Content/' mounted to '/GameConfiger/'
LogPackageName: Display: FPackageName: Mount point added: '../../Plugins/GameModules/GameSaverNative/Content/' mounted to '/GameSaverNative/'
LogPackageName: Display: FPackageName: Mount point added: '../../Plugins/GameModules/GameSaverTest/Content/' mounted to '/GameSaverTest/'
LogPackageName: Display: FPackageName: Mount point added: '../../Plugins/GameModules/GameSaver/Content/' mounted to '/GameSaver/'
LogPackageName: Display: FPackageName: Mount point added: '../../Plugins/GameModules/HQR_TableEditor/Content/' mounted to '/HQR_TableEditor/'
LogPackageName: Display: FPackageName: Mount point added: '../../Plugins/GameModules/PortablePolicyOfWorldLoading/Content/' mounted to '/PortablePolicyOfWorldLoading/'
LogPackageName: Display: FPackageName: Mount point added: '../../Plugins/GameModules/StarGraphHelperNative/Content/' mounted to '/StarGraphHelperNative/'
LogPackageName: Display: FPackageName: Mount point added: '../../Plugins/GameModules/StarGraphHelperTest/Content/' mounted to '/StarGraphHelperTest/'
LogPackageName: Display: FPackageName: Mount point added: '../../Plugins/GameModules/StarGraphHelper/Content/' mounted to '/StarGraphHelper/'
LogPackageName: Display: FPackageName: Mount point added: '../../Plugins/HardwareHelper/Content/' mounted to '/HardwareHelper/'
LogPackageName: Display: FPackageName: Mount point added: '../../Plugins/InteractiveWorld/Content/' mounted to '/InteractiveWorld/'
LogPackageName: Display: FPackageName: Mount point added: '../../Plugins/MMPlatformHelper/Content/' mounted to '/MMPlatformHelper/'
LogPackageName: Display: FPackageName: Mount point added: '../../Plugins/NiagaraUIRenderer/Content/' mounted to '/NiagaraUIRenderer/'
LogPackageName: Display: FPackageName: Mount point added: '../../Plugins/PSOcacheHinter/Content/' mounted to '/PSOcacheHinter/'
LogPackageName: Display: FPackageName: Mount point added: '../../Plugins/PureEditorTools/Content/' mounted to '/PureEditorTools/'
LogPackageName: Display: FPackageName: Mount point added: '../../Plugins/TestCppTaskMoveTo/Content/' mounted to '/TestCppTaskMoveTo/'
LogPackageName: Display: FPackageName: Mount point added: '../../Plugins/TestLevelTools/Content/' mounted to '/TestLevelTools/'
LogPackageName: Display: FPackageName: Mount point added: '../../Plugins/UE4ToUE5/Content/' mounted to '/UE4ToUE5/'
LogPackageName: Display: FPackageName: Mount point added: '../../Plugins/UpgradeTools/Content/' mounted to '/UpgradeTools/'
LogPackageName: Display: FPackageName: Mount point added: '../../Plugins/WidgetGroupInputPlugin/Content/' mounted to '/WidgetGroupInput/'
LogPackageName: Display: FPackageName: Mount point added: '../../Plugins/Wwise/Content/' mounted to '/Wwise/'
LogPackageName: Display: FPackageName: Mount point added: '../../Plugins/panda_framework_assemble_api/Content/' mounted to '/panda_framework_assemble_api/'
LogPackageName: Display: FPackageName: Mount point added: '../../Plugins/panda_framework_script/Content/' mounted to '/panda_framework_script/'
LogPackageName: Display: FPackageName: Mount point added: '../../../Engine/Plugins/2D/Paper2D/Content/' mounted to '/Paper2D/'
LogPackageName: Display: FPackageName: Mount point added: '../../../Engine/Plugins/Animation/ControlRigSpline/Content/' mounted to '/ControlRigSpline/'
LogPackageName: Display: FPackageName: Mount point added: '../../../Engine/Plugins/Animation/ControlRig/Content/' mounted to '/ControlRig/'
LogPackageName: Display: FPackageName: Mount point added: '../../../Engine/Plugins/Animation/IKRig/Content/' mounted to '/IKRig/'
LogPackageName: Display: FPackageName: Mount point added: '../../../Engine/Plugins/Bridge/Content/' mounted to '/Bridge/'
LogPackageName: Display: FPackageName: Mount point added: '../../../Engine/Plugins/Compositing/OpenColorIO/Content/' mounted to '/OpenColorIO/'
LogPackageName: Display: FPackageName: Mount point added: '../../../Engine/Plugins/Developer/AnimationSharing/Content/' mounted to '/AnimationSharing/'
LogPackageName: Display: FPackageName: Mount point added: '../../../Engine/Plugins/Developer/TraceSourceFiltering/Content/' mounted to '/TraceSourceFilters/'
LogPackageName: Display: FPackageName: Mount point added: '../../../Engine/Plugins/Editor/BlueprintHeaderView/Content/' mounted to '/BlueprintHeaderView/'
LogPackageName: Display: FPackageName: Mount point added: '../../../Engine/Plugins/Editor/GeometryMode/Content/' mounted to '/GeometryMode/'
LogPackageName: Display: FPackageName: Mount point added: '../../../Engine/Plugins/Editor/ModelingToolsEditorMode/Content/' mounted to '/ModelingToolsEditorMode/'
LogPackageName: Display: FPackageName: Mount point added: '../../../Engine/Plugins/Editor/ObjectMixer/LightMixer/Content/' mounted to '/LightMixer/'
LogPackageName: Display: FPackageName: Mount point added: '../../../Engine/Plugins/Editor/ObjectMixer/ObjectMixer/Content/' mounted to '/ObjectMixer/'
LogPackageName: Display: FPackageName: Mount point added: '../../../Engine/Plugins/Editor/SpeedTreeImporter/Content/' mounted to '/SpeedTreeImporter/'
LogPackageName: Display: FPackageName: Mount point added: '../../../Engine/Plugins/Enterprise/DatasmithContent/Content/' mounted to '/DatasmithContent/'
LogPackageName: Display: FPackageName: Mount point added: '../../../Engine/Plugins/Enterprise/GLTFExporter/Content/' mounted to '/GLTFExporter/'
LogPackageName: Display: FPackageName: Mount point added: '../../../Engine/Plugins/Experimental/ChaosCaching/Content/' mounted to '/ChaosCaching/'
LogPackageName: Display: FPackageName: Mount point added: '../../../Engine/Plugins/Experimental/ChaosClothEditor/Content/' mounted to '/ChaosClothEditor/'
LogPackageName: Display: FPackageName: Mount point added: '../../../Engine/Plugins/Experimental/ChaosNiagara/Content/' mounted to '/ChaosNiagara/'
LogPackageName: Display: FPackageName: Mount point added: '../../../Engine/Plugins/Experimental/ChaosSolverPlugin/Content/' mounted to '/ChaosSolverPlugin/'
LogPackageName: Display: FPackageName: Mount point added: '../../../Engine/Plugins/Experimental/Dataflow/Content/' mounted to '/Dataflow/'
LogPackageName: Display: FPackageName: Mount point added: '../../../Engine/Plugins/Experimental/FieldSystemPlugin/Content/' mounted to '/FieldSystemPlugin/'
LogPackageName: Display: FPackageName: Mount point added: '../../../Engine/Plugins/Experimental/FullBodyIK/Content/' mounted to '/FullBodyIK/'
LogPackageName: Display: FPackageName: Mount point added: '../../../Engine/Plugins/Experimental/GeometryCollectionPlugin/Content/' mounted to '/GeometryCollectionPlugin/'
LogPackageName: Display: FPackageName: Mount point added: '../../../Engine/Plugins/Experimental/Landmass/Content/' mounted to '/Landmass/'
LogPackageName: Display: FPackageName: Mount point added: '../../../Engine/Plugins/Experimental/PythonScriptPlugin/Content/' mounted to '/PythonScriptPlugin/'
LogPackageName: Display: FPackageName: Mount point added: '../../../Engine/Plugins/Experimental/UVEditor/Content/' mounted to '/UVEditor/'
LogPackageName: Display: FPackageName: Mount point added: '../../../Engine/Plugins/Experimental/VirtualHeightfieldMesh/Content/' mounted to '/VirtualHeightfieldMesh/'
LogPackageName: Display: FPackageName: Mount point added: '../../../Engine/Plugins/Experimental/Volumetrics/Content/' mounted to '/Volumetrics/'
LogPackageName: Display: FPackageName: Mount point added: '../../../Engine/Plugins/FX/Niagara/Content/' mounted to '/Niagara/'
LogPackageName: Display: FPackageName: Mount point added: '../../../Engine/Plugins/Marketplace/FSR3-510/FSR3/Content/' mounted to '/FSR3/'
LogPackageName: Display: FPackageName: Mount point added: '../../../Engine/Plugins/Media/MediaCompositing/Content/' mounted to '/MediaCompositing/'
LogPackageName: Display: FPackageName: Mount point added: '../../../Engine/Plugins/Media/MediaPlate/Content/' mounted to '/MediaPlate/'
LogPackageName: Display: FPackageName: Mount point added: '../../../Engine/Plugins/MovieScene/MovieRenderPipeline/Content/' mounted to '/MovieRenderPipeline/'
LogPackageName: Display: FPackageName: Mount point added: '../../../Engine/Plugins/MovieScene/SequencerScripting/Content/' mounted to '/SequencerScripting/'
LogPackageName: Display: FPackageName: Mount point added: '../../../Engine/Plugins/Runtime/AudioSynesthesia/Content/' mounted to '/AudioSynesthesia/'
LogPackageName: Display: FPackageName: Mount point added: '../../../Engine/Plugins/Runtime/AudioWidgets/Content/' mounted to '/AudioWidgets/'
LogPackageName: Display: FPackageName: Mount point added: '../../../Engine/Plugins/Runtime/GeometryProcessing/Content/' mounted to '/GeometryProcessing/'
LogPackageName: Display: FPackageName: Mount point added: '../../../Engine/Plugins/Runtime/HDRIBackdrop/Content/' mounted to '/HDRIBackdrop/'
LogPackageName: Display: FPackageName: Mount point added: '../../../Engine/Plugins/Runtime/Metasound/Content/' mounted to '/Metasound/'
LogPackageName: Display: FPackageName: Mount point added: '../../../Engine/Plugins/Runtime/Nvidia/CVarVolume/Content/' mounted to '/CVarVolume/'
LogPackageName: Display: FPackageName: Mount point added: '../../../Engine/Plugins/Runtime/Nvidia/DLSSMoviePipelineSupport/Content/' mounted to '/DLSSMoviePipelineSupport/'
LogPackageName: Display: FPackageName: Mount point added: '../../../Engine/Plugins/Runtime/Nvidia/DLSS/Content/' mounted to '/DLSS/'
LogPackageName: Display: FPackageName: Mount point added: '../../../Engine/Plugins/Runtime/Nvidia/NRD/Content/' mounted to '/NRD/'
LogPackageName: Display: FPackageName: Mount point added: '../../../Engine/Plugins/Runtime/ResonanceAudio/Content/' mounted to '/ResonanceAudio/'
LogPackageName: Display: FPackageName: Mount point added: '../../../Engine/Plugins/Runtime/Synthesis/Content/' mounted to '/Synthesis/'
LogPackageName: Display: FPackageName: Mount point added: '../../../Engine/Plugins/Runtime/WaveTable/Content/' mounted to '/WaveTable/'
LogPackageName: Display: FPackageName: Mount point added: '../../../Engine/Plugins/Tests/EditorTests/Content/' mounted to '/EditorTests/'
LogPackageName: Display: FPackageName: Mount point added: '../../../Engine/Plugins/VirtualProduction/Takes/Content/' mounted to '/Takes/'
LogConfig: Applying CVar settings from Section [/Script/FFXFSR3Settings.FFXFSR3Settings] File [Engine]
[2025.08.12-11.42.33:043][  0]LogMemory: Platform Memory Stats for Windows
[2025.08.12-11.42.33:043][  0]LogMemory: Process Physical Memory: 200.07 MB used, 224.80 MB peak
[2025.08.12-11.42.33:043][  0]LogMemory: Process Virtual Memory: 215.52 MB used, 215.52 MB peak
[2025.08.12-11.42.33:043][  0]LogMemory: Physical Memory: 38809.84 MB used,  26639.94 MB free, 65449.78 MB total
[2025.08.12-11.42.33:043][  0]LogMemory: Virtual Memory: 48164.03 MB used,  32133.75 MB free, 80297.78 MB total
[2025.08.12-11.42.43:765][232]Log file closed, 08/12/25 19:42:43
