Log file open, 08/13/25 00:29:03
LogConsoleManager: Warning: Console object named 'p.ForceJumpPeakSubstep' already exists but is being registered again, but we weren't expected it to be! (FConsoleManager::AddConsoleObject)
LogConsoleManager: Warning: Console object named 'p.UseTargetVelocityOnImpact' already exists but is being registered again, but we weren't expected it to be! (FConsoleManager::AddConsoleObject)
LogWindows: Custom abort handler registered for crash reporting.
LogPakFile: Display: Found Pak file ../../../Project_Plague/Content/Paks/Project_Plague-Windows_250726_7486780_P.pak attempting to mount.
LogPakFile: Display: Mounting pak file ../../../Project_Plague/Content/Paks/Project_Plague-Windows_250726_7486780_P.pak.
LogPakFile: Display: Mounted Pak file '../../../Project_Plague/Content/Paks/Project_Plague-Windows_250726_7486780_P.pak', mount point: '../../../Project_Plague/'
LogPakFile: Display: Mount point: '../../../Project_Plague/' is not mounted to a valid Root Path yet, assets in this pak file may not be accessible until a corresponding UFS Mount Point is added through FPackageName::RegisterMountPoint.
LogPakFile: Display: Found Pak file ../../../Project_Plague/Content/Paks/Project_Plague-Windows_250725_7358466_P.pak attempting to mount.
LogPakFile: Display: Mounting pak file ../../../Project_Plague/Content/Paks/Project_Plague-Windows_250725_7358466_P.pak.
LogPakFile: Display: Mounted Pak file '../../../Project_Plague/Content/Paks/Project_Plague-Windows_250725_7358466_P.pak', mount point: '../../../Project_Plague/'
LogPakFile: Display: Mount point: '../../../Project_Plague/' is not mounted to a valid Root Path yet, assets in this pak file may not be accessible until a corresponding UFS Mount Point is added through FPackageName::RegisterMountPoint.
LogPakFile: Display: Found Pak file ../../../Project_Plague/Content/Paks/Project_Plague-Windows_0_P.pak attempting to mount.
LogPakFile: Display: Mounting pak file ../../../Project_Plague/Content/Paks/Project_Plague-Windows_0_P.pak.
LogPakFile: Display: Mounted Pak file '../../../Project_Plague/Content/Paks/Project_Plague-Windows_0_P.pak', mount point: '../../../Project_Plague/'
LogPakFile: Display: Mount point: '../../../Project_Plague/' is not mounted to a valid Root Path yet, assets in this pak file may not be accessible until a corresponding UFS Mount Point is added through FPackageName::RegisterMountPoint.
LogPakFile: Display: Found Pak file ../../../Project_Plague/Content/Paks/Project_Plague-Windows.pak attempting to mount.
LogPakFile: Display: Mounting pak file ../../../Project_Plague/Content/Paks/Project_Plague-Windows.pak.
LogPakFile: Display: Mounted Pak file '../../../Project_Plague/Content/Paks/Project_Plague-Windows.pak', mount point: '../../../'
LogICUInternationalization: ICU TimeZone Detection - Raw Offset: +8:00, Platform Override: ''
LogInit: Session CrashGUID >====================================================
         Session CrashGUID >   UECC-Windows-3330499C44C0F81EA37F0CBD5875F36F
         Session CrashGUID >====================================================
LogConfig: Warning: Found a deprecated ini section name in ../../../Project_Plague/Config/DefaultGame.ini. Search for [WhitelistConfigFiles] and replace with [AllowedConfigFiles]
LogConfig: Warning: Found a deprecated ini section name in ../../../Project_Plague/Config/DefaultGame.ini. Search for [WhitelistConfigFiles] and replace with [AllowedConfigFiles]
LogConfig: Warning: Found a deprecated ini section name in ../../../Project_Plague/Config/DefaultGame.ini. Search for [WhitelistConfigFiles] and replace with [AllowedConfigFiles]
LogConfig: Warning: Found a deprecated ini section name in ../../../Project_Plague/Config/DefaultGame.ini. Search for [WhitelistConfigFiles] and replace with [AllowedConfigFiles]
LogConfig: Warning: Found a deprecated ini section name in ../../../Project_Plague/Config/DefaultGame.ini. Search for [WhitelistConfigFiles] and replace with [AllowedConfigFiles]
LogConfig: Warning: Found a deprecated ini section name in ../../../Project_Plague/Config/DefaultGame.ini. Search for [WhitelistConfigFiles] and replace with [AllowedConfigFiles]
LogConfig: Warning: Found a deprecated ini section name in ../../../Project_Plague/Config/DefaultGame.ini. Search for [WhitelistConfigFiles] and replace with [AllowedConfigFiles]
LogConfig: Warning: Found a deprecated ini section name in ../../../Project_Plague/Config/DefaultGame.ini. Search for [BlacklistConfigFiles] and replace with [DisallowedConfigFiles]
LogConfig: Warning: Found a deprecated ini section name in ../../../Project_Plague/Config/DefaultGame.ini. Search for [BlacklistConfigFiles] and replace with [DisallowedConfigFiles]
LogPluginManager: Mounting Project plugin BRPlugins
LogPluginManager: Mounting Project plugin BlueprintServerConnection
LogPluginManager: Mounting Project plugin CommonUtils
LogPluginManager: Mounting Project plugin ControlRigEditorExtend
LogPluginManager: Mounting Project plugin ControlRigExtend
LogPluginManager: Mounting Project plugin CriWareCinematics
LogPluginManager: Mounting Project plugin CriWareExtends
LogPluginManager: Mounting Project plugin CriWareLips
LogPluginManager: Mounting Project plugin CriWare
LogPluginManager: Mounting Project plugin CustomizationStyle
LogPluginManager: Mounting Project plugin DCSOnlineSystem
LogPluginManager: Mounting Project plugin DialoguePlugin
LogPluginManager: Mounting Project plugin DynamicCombatSystem
LogPluginManager: Mounting Project plugin EngineCustomized
LogPluginManager: Mounting Project plugin ExternCommand
LogPluginManager: Mounting Project plugin GameBooterTest
LogPluginManager: Mounting Project plugin GameBooter
LogPluginManager: Mounting Project plugin AICombatScript
LogPluginManager: Mounting Project plugin CharacterStrategy
LogPluginManager: Mounting Project plugin DCCaculatorNative
LogPluginManager: Mounting Project plugin DCCaculatorTest
LogPluginManager: Mounting Project plugin DCCaculator
LogPluginManager: Mounting Project plugin DCSGemStore
LogPluginManager: Mounting Project plugin DebugWidget
LogPluginManager: Mounting Project plugin GameConfigerNative
LogPluginManager: Mounting Project plugin GameConfigerTest
LogPluginManager: Mounting Project plugin GameConfiger
LogPluginManager: Mounting Project plugin GameSaverNative
LogPluginManager: Mounting Project plugin GameSaverTest
LogPluginManager: Mounting Project plugin GameSaver
LogPluginManager: Mounting Project plugin HQR_TableEditor
LogPluginManager: Mounting Project plugin PortablePolicyOfWorldLoading
LogPluginManager: Mounting Project plugin StarGraphHelperNative
LogPluginManager: Mounting Project plugin StarGraphHelperTest
LogPluginManager: Mounting Project plugin StarGraphHelper
LogPluginManager: Mounting Project plugin HardwareHelper
LogPluginManager: Mounting Project plugin InteractiveWorld
LogPluginManager: Mounting Project plugin MMPlatformHelper
LogPluginManager: Mounting Project plugin NiagaraUIRenderer
LogPluginManager: Mounting Project plugin PSOcacheHinter
LogPluginManager: Mounting Project plugin PlusMerge
LogPluginManager: Mounting Project plugin PureEditorTools
LogPluginManager: Mounting Project plugin TestCppTaskMoveTo
LogPluginManager: Mounting Project plugin TestLevelTools
LogPluginManager: Mounting Project plugin UE4ToUE5
LogPluginManager: Mounting Project plugin UpgradeTools
LogPluginManager: Mounting Project plugin WidgetGroupInput
LogPluginManager: Mounting Project plugin Wwise
LogPluginManager: Mounting Project plugin panda_framework_assemble_api
LogPluginManager: Mounting Project plugin panda_framework_script
LogPluginManager: Mounting Engine plugin Paper2D
LogPluginManager: Mounting Engine plugin AISupport
LogPluginManager: Mounting Engine plugin EnvironmentQueryEditor
LogPluginManager: Mounting Engine plugin ControlRigSpline
LogPluginManager: Mounting Engine plugin ControlRig
LogPluginManager: Mounting Engine plugin GameplayInsights
LogPluginManager: Mounting Engine plugin IKRig
LogPluginManager: Mounting Engine plugin Bridge
LogPluginManager: Mounting Engine plugin CameraShakePreviewer
LogPluginManager: Mounting Engine plugin GameplayCameras
LogPluginManager: Mounting Engine plugin OpenColorIO
LogPluginManager: Mounting Engine plugin OodleNetwork
LogPluginManager: Mounting Engine plugin AnimationSharing
LogPluginManager: Mounting Engine plugin PluginUtils
LogPluginManager: Mounting Engine plugin TraceSourceFilters
LogPluginManager: Mounting Engine plugin UObjectPlugin
LogPluginManager: Mounting Engine plugin AssetManagerEditor
LogPluginManager: Mounting Engine plugin BlueprintHeaderView
LogPluginManager: Mounting Engine plugin BlueprintMaterialTextureNodes
LogPluginManager: Mounting Engine plugin EditorScriptingUtilities
LogPluginManager: Mounting Engine plugin FacialAnimation
LogPluginManager: Mounting Engine plugin GeometryMode
LogPluginManager: Mounting Engine plugin ModelingToolsEditorMode
LogPluginManager: Mounting Engine plugin LightMixer
LogPluginManager: Mounting Engine plugin ObjectMixer
LogPluginManager: Mounting Engine plugin SequencerAnimTools
LogPluginManager: Mounting Engine plugin SpeedTreeImporter
LogPluginManager: Mounting Engine plugin StylusInput
LogPluginManager: Mounting Engine plugin EnhancedInput
LogPluginManager: Mounting Engine plugin DatasmithContent
LogPluginManager: Mounting Engine plugin GLTFExporter
LogPluginManager: Mounting Engine plugin VariantManagerContent
LogPluginManager: Mounting Engine plugin AutomationUtils
LogPluginManager: Mounting Engine plugin BackChannel
LogPluginManager: Mounting Engine plugin ChaosCaching
LogPluginManager: Mounting Engine plugin ChaosClothEditor
LogPluginManager: Mounting Engine plugin ChaosCloth
LogPluginManager: Mounting Engine plugin ChaosEditor
LogPluginManager: Mounting Engine plugin ChaosNiagara
LogPluginManager: Mounting Engine plugin ChaosSolverPlugin
LogPluginManager: Mounting Engine plugin ChaosUserDataPT
LogPluginManager: Mounting Engine plugin CharacterAI
LogPluginManager: Mounting Engine plugin Dataflow
LogPluginManager: Mounting Engine plugin FieldSystemPlugin
LogPluginManager: Mounting Engine plugin FullBodyIK
LogPluginManager: Mounting Engine plugin GeometryCollectionPlugin
LogPluginManager: Mounting Engine plugin Iris
LogPluginManager: Mounting Engine plugin Landmass
LogPluginManager: Mounting Engine plugin OpenImageDenoise
LogPluginManager: Mounting Engine plugin PlatformCrypto
LogPluginManager: Mounting Engine plugin PythonScriptPlugin
LogPluginManager: Mounting Engine plugin RawInput
LogPluginManager: Mounting Engine plugin UVEditor
LogPluginManager: Mounting Engine plugin VirtualHeightfieldMesh
LogPluginManager: Mounting Engine plugin Volumetrics
LogPluginManager: Mounting Engine plugin Niagara
LogPluginManager: Mounting Engine plugin AlembicImporter
LogPluginManager: Mounting Engine plugin InterchangeEditor
LogPluginManager: Mounting Engine plugin FSR3
LogPluginManager: Mounting Engine plugin AvfMedia
LogPluginManager: Mounting Engine plugin ImgMedia
LogPluginManager: Mounting Engine plugin MediaCompositing
LogPluginManager: Mounting Engine plugin MediaPlate
LogPluginManager: Mounting Engine plugin MfMedia
LogPluginManager: Mounting Engine plugin WebMMedia
LogPluginManager: Mounting Engine plugin WmfMedia
LogPluginManager: Mounting Engine plugin MeshPainting
LogPluginManager: Mounting Engine plugin TcpMessaging
LogPluginManager: Mounting Engine plugin UdpMessaging
LogPluginManager: Mounting Engine plugin ActorSequence
LogPluginManager: Mounting Engine plugin LevelSequenceEditor
LogPluginManager: Mounting Engine plugin MovieRenderPipeline
LogPluginManager: Mounting Engine plugin SequencerScripting
LogPluginManager: Mounting Engine plugin TemplateSequence
LogPluginManager: Mounting Engine plugin EOSShared
LogPluginManager: Mounting Engine plugin OnlineBase
LogPluginManager: Mounting Engine plugin OnlineServices
LogPluginManager: Mounting Engine plugin OnlineSubsystemEOS
LogPluginManager: Mounting Engine plugin OnlineSubsystemGOG
LogPluginManager: Mounting Engine plugin OnlineSubsystemNull
LogPluginManager: Mounting Engine plugin OnlineSubsystemSteam
LogPluginManager: Mounting Engine plugin OnlineSubsystemUtils
LogPluginManager: Mounting Engine plugin OnlineSubsystem
LogPluginManager: Mounting Engine plugin SocketSubsystemEOS
LogPluginManager: Mounting Engine plugin EOSVoiceChat
LogPluginManager: Mounting Engine plugin LauncherChunkInstaller
LogPluginManager: Mounting Engine plugin ActorLayerUtilities
LogPluginManager: Mounting Engine plugin AndroidFileServer
LogPluginManager: Mounting Engine plugin AndroidPermission
LogPluginManager: Mounting Engine plugin ApexDestruction
LogPluginManager: Mounting Engine plugin AppleImageUtils
LogPluginManager: Mounting Engine plugin ArchVisCharacter
LogPluginManager: Mounting Engine plugin AssetTags
LogPluginManager: Mounting Engine plugin AudioCapture
LogPluginManager: Mounting Engine plugin AudioSynesthesia
LogPluginManager: Mounting Engine plugin AudioWidgets
LogPluginManager: Mounting Engine plugin CableComponent
LogPluginManager: Mounting Engine plugin ChunkDownloader
LogPluginManager: Mounting Engine plugin CustomMeshComponent
LogPluginManager: Mounting Engine plugin ExampleDeviceProfileSelector
LogPluginManager: Mounting Engine plugin GeometryCache
LogPluginManager: Mounting Engine plugin GeometryProcessing
LogPluginManager: Mounting Engine plugin GooglePAD
LogPluginManager: Mounting Engine plugin HDRIBackdrop
LogPluginManager: Mounting Engine plugin LocationServicesBPLibrary
LogPluginManager: Mounting Engine plugin Metasound
LogPluginManager: Mounting Engine plugin MobilePatchingUtils
LogPluginManager: Mounting Engine plugin CVarVolume
LogPluginManager: Mounting Engine plugin DLSSMoviePipelineSupport
LogPluginManager: Mounting Engine plugin DLSS
LogPluginManager: Mounting Engine plugin NIS
LogPluginManager: Mounting Engine plugin NRD
LogPluginManager: Mounting Engine plugin Streamline
LogPluginManager: Mounting Engine plugin ProceduralMeshComponent
LogPluginManager: Mounting Engine plugin PropertyAccessEditor
LogPluginManager: Mounting Engine plugin ResonanceAudio
LogPluginManager: Mounting Engine plugin SignificanceManager
LogPluginManager: Mounting Engine plugin SoundFields
LogPluginManager: Mounting Engine plugin SteamShared
LogPluginManager: Mounting Engine plugin Synthesis
LogPluginManager: Mounting Engine plugin WaveTable
LogPluginManager: Mounting Engine plugin WebMMoviePlayer
LogPluginManager: Mounting Engine plugin WindowsDeviceProfileSelector
LogPluginManager: Mounting Engine plugin WindowsMoviePlayer
LogPluginManager: Mounting Engine plugin WinDualShock
LogPluginManager: Mounting Engine plugin SlateInsights
LogPluginManager: Mounting Engine plugin EditorTests
LogPluginManager: Mounting Engine plugin FunctionalTestingEditor
LogPluginManager: Mounting Engine plugin TraceUtilities
LogPluginManager: Mounting Engine plugin Takes
LogPackageName: Display: FPackageName: Mount point added: '../../Plugins/BRPlugins/Content/' mounted to '/BRPlugins/'
LogPackageName: Display: FPackageName: Mount point added: '../../Plugins/CommonUtils/Content/' mounted to '/CommonUtils/'
LogPackageName: Display: FPackageName: Mount point added: '../../Plugins/ControlRigEditorExtend/Content/' mounted to '/ControlRigEditorExtend/'
LogPackageName: Display: FPackageName: Mount point added: '../../Plugins/ControlRigExtend/Content/' mounted to '/ControlRigExtend/'
LogPackageName: Display: FPackageName: Mount point added: '../../Plugins/CriWareModules/CriWareCinematics/Content/' mounted to '/CriWareCinematics/'
LogPackageName: Display: FPackageName: Mount point added: '../../Plugins/CriWareModules/CriWareExtends/Content/' mounted to '/CriWareExtends/'
LogPackageName: Display: FPackageName: Mount point added: '../../Plugins/CriWareModules/CriWareLips/Content/' mounted to '/CriWareLips/'
LogPackageName: Display: FPackageName: Mount point added: '../../Plugins/CriWareModules/CriWare/Content/' mounted to '/CriWare/'
LogPackageName: Display: FPackageName: Mount point added: '../../Plugins/DCSOnlineSystem/Content/' mounted to '/DCSOnlineSystem/'
LogPackageName: Display: FPackageName: Mount point added: '../../Plugins/DialoguePlugin/Content/' mounted to '/DialoguePlugin/'
LogPackageName: Display: FPackageName: Mount point added: '../../Plugins/DynamicCombatSystem/Content/' mounted to '/DynamicCombatSystem/'
LogPackageName: Display: FPackageName: Mount point added: '../../Plugins/EngineCustomized/Content/' mounted to '/EngineCustomized/'
LogPackageName: Display: FPackageName: Mount point added: '../../Plugins/ExternCommand/Content/' mounted to '/ExternCommand/'
LogPackageName: Display: FPackageName: Mount point added: '../../Plugins/GameBooterTest/Content/' mounted to '/GameBooterTest/'
LogPackageName: Display: FPackageName: Mount point added: '../../Plugins/GameBooter/Content/' mounted to '/GameBooter/'
LogPackageName: Display: FPackageName: Mount point added: '../../Plugins/GameModules/AICombatScript/Content/' mounted to '/AICombatScript/'
LogPackageName: Display: FPackageName: Mount point added: '../../Plugins/GameModules/CharacterStrategy/Content/' mounted to '/CharacterStrategy/'
LogPackageName: Display: FPackageName: Mount point added: '../../Plugins/GameModules/DCCaculatorNative/Content/' mounted to '/DCCaculatorNative/'
LogPackageName: Display: FPackageName: Mount point added: '../../Plugins/GameModules/DCCaculatorTest/Content/' mounted to '/DCCaculatorTest/'
LogPackageName: Display: FPackageName: Mount point added: '../../Plugins/GameModules/DCCaculator/Content/' mounted to '/DCCaculator/'
LogPackageName: Display: FPackageName: Mount point added: '../../Plugins/GameModules/DCSGemStore/Content/' mounted to '/DCSGemStore/'
LogPackageName: Display: FPackageName: Mount point added: '../../Plugins/GameModules/DebugWidget/Content/' mounted to '/DebugWidget/'
LogPackageName: Display: FPackageName: Mount point added: '../../Plugins/GameModules/GameConfigerNative/Content/' mounted to '/GameConfigerNative/'
LogPackageName: Display: FPackageName: Mount point added: '../../Plugins/GameModules/GameConfigerTest/Content/' mounted to '/GameConfigerTest/'
LogPackageName: Display: FPackageName: Mount point added: '../../Plugins/GameModules/GameConfiger/Content/' mounted to '/GameConfiger/'
LogPackageName: Display: FPackageName: Mount point added: '../../Plugins/GameModules/GameSaverNative/Content/' mounted to '/GameSaverNative/'
LogPackageName: Display: FPackageName: Mount point added: '../../Plugins/GameModules/GameSaverTest/Content/' mounted to '/GameSaverTest/'
LogPackageName: Display: FPackageName: Mount point added: '../../Plugins/GameModules/GameSaver/Content/' mounted to '/GameSaver/'
LogPackageName: Display: FPackageName: Mount point added: '../../Plugins/GameModules/HQR_TableEditor/Content/' mounted to '/HQR_TableEditor/'
LogPackageName: Display: FPackageName: Mount point added: '../../Plugins/GameModules/PortablePolicyOfWorldLoading/Content/' mounted to '/PortablePolicyOfWorldLoading/'
LogPackageName: Display: FPackageName: Mount point added: '../../Plugins/GameModules/StarGraphHelperNative/Content/' mounted to '/StarGraphHelperNative/'
LogPackageName: Display: FPackageName: Mount point added: '../../Plugins/GameModules/StarGraphHelperTest/Content/' mounted to '/StarGraphHelperTest/'
LogPackageName: Display: FPackageName: Mount point added: '../../Plugins/GameModules/StarGraphHelper/Content/' mounted to '/StarGraphHelper/'
LogPackageName: Display: FPackageName: Mount point added: '../../Plugins/HardwareHelper/Content/' mounted to '/HardwareHelper/'
LogPackageName: Display: FPackageName: Mount point added: '../../Plugins/InteractiveWorld/Content/' mounted to '/InteractiveWorld/'
LogPackageName: Display: FPackageName: Mount point added: '../../Plugins/MMPlatformHelper/Content/' mounted to '/MMPlatformHelper/'
LogPackageName: Display: FPackageName: Mount point added: '../../Plugins/NiagaraUIRenderer/Content/' mounted to '/NiagaraUIRenderer/'
LogPackageName: Display: FPackageName: Mount point added: '../../Plugins/PSOcacheHinter/Content/' mounted to '/PSOcacheHinter/'
LogPackageName: Display: FPackageName: Mount point added: '../../Plugins/PureEditorTools/Content/' mounted to '/PureEditorTools/'
LogPackageName: Display: FPackageName: Mount point added: '../../Plugins/TestCppTaskMoveTo/Content/' mounted to '/TestCppTaskMoveTo/'
LogPackageName: Display: FPackageName: Mount point added: '../../Plugins/TestLevelTools/Content/' mounted to '/TestLevelTools/'
LogPackageName: Display: FPackageName: Mount point added: '../../Plugins/UE4ToUE5/Content/' mounted to '/UE4ToUE5/'
LogPackageName: Display: FPackageName: Mount point added: '../../Plugins/UpgradeTools/Content/' mounted to '/UpgradeTools/'
LogPackageName: Display: FPackageName: Mount point added: '../../Plugins/WidgetGroupInputPlugin/Content/' mounted to '/WidgetGroupInput/'
LogPackageName: Display: FPackageName: Mount point added: '../../Plugins/Wwise/Content/' mounted to '/Wwise/'
LogPackageName: Display: FPackageName: Mount point added: '../../Plugins/panda_framework_assemble_api/Content/' mounted to '/panda_framework_assemble_api/'
LogPackageName: Display: FPackageName: Mount point added: '../../Plugins/panda_framework_script/Content/' mounted to '/panda_framework_script/'
LogPackageName: Display: FPackageName: Mount point added: '../../../Engine/Plugins/2D/Paper2D/Content/' mounted to '/Paper2D/'
LogPackageName: Display: FPackageName: Mount point added: '../../../Engine/Plugins/Animation/ControlRigSpline/Content/' mounted to '/ControlRigSpline/'
LogPackageName: Display: FPackageName: Mount point added: '../../../Engine/Plugins/Animation/ControlRig/Content/' mounted to '/ControlRig/'
LogPackageName: Display: FPackageName: Mount point added: '../../../Engine/Plugins/Animation/IKRig/Content/' mounted to '/IKRig/'
LogPackageName: Display: FPackageName: Mount point added: '../../../Engine/Plugins/Bridge/Content/' mounted to '/Bridge/'
LogPackageName: Display: FPackageName: Mount point added: '../../../Engine/Plugins/Compositing/OpenColorIO/Content/' mounted to '/OpenColorIO/'
LogPackageName: Display: FPackageName: Mount point added: '../../../Engine/Plugins/Developer/AnimationSharing/Content/' mounted to '/AnimationSharing/'
LogPackageName: Display: FPackageName: Mount point added: '../../../Engine/Plugins/Developer/TraceSourceFiltering/Content/' mounted to '/TraceSourceFilters/'
LogPackageName: Display: FPackageName: Mount point added: '../../../Engine/Plugins/Editor/BlueprintHeaderView/Content/' mounted to '/BlueprintHeaderView/'
LogPackageName: Display: FPackageName: Mount point added: '../../../Engine/Plugins/Editor/GeometryMode/Content/' mounted to '/GeometryMode/'
LogPackageName: Display: FPackageName: Mount point added: '../../../Engine/Plugins/Editor/ModelingToolsEditorMode/Content/' mounted to '/ModelingToolsEditorMode/'
LogPackageName: Display: FPackageName: Mount point added: '../../../Engine/Plugins/Editor/ObjectMixer/LightMixer/Content/' mounted to '/LightMixer/'
LogPackageName: Display: FPackageName: Mount point added: '../../../Engine/Plugins/Editor/ObjectMixer/ObjectMixer/Content/' mounted to '/ObjectMixer/'
LogPackageName: Display: FPackageName: Mount point added: '../../../Engine/Plugins/Editor/SpeedTreeImporter/Content/' mounted to '/SpeedTreeImporter/'
LogPackageName: Display: FPackageName: Mount point added: '../../../Engine/Plugins/Enterprise/DatasmithContent/Content/' mounted to '/DatasmithContent/'
LogPackageName: Display: FPackageName: Mount point added: '../../../Engine/Plugins/Enterprise/GLTFExporter/Content/' mounted to '/GLTFExporter/'
LogPackageName: Display: FPackageName: Mount point added: '../../../Engine/Plugins/Experimental/ChaosCaching/Content/' mounted to '/ChaosCaching/'
LogPackageName: Display: FPackageName: Mount point added: '../../../Engine/Plugins/Experimental/ChaosClothEditor/Content/' mounted to '/ChaosClothEditor/'
LogPackageName: Display: FPackageName: Mount point added: '../../../Engine/Plugins/Experimental/ChaosNiagara/Content/' mounted to '/ChaosNiagara/'
LogPackageName: Display: FPackageName: Mount point added: '../../../Engine/Plugins/Experimental/ChaosSolverPlugin/Content/' mounted to '/ChaosSolverPlugin/'
LogPackageName: Display: FPackageName: Mount point added: '../../../Engine/Plugins/Experimental/Dataflow/Content/' mounted to '/Dataflow/'
LogPackageName: Display: FPackageName: Mount point added: '../../../Engine/Plugins/Experimental/FieldSystemPlugin/Content/' mounted to '/FieldSystemPlugin/'
LogPackageName: Display: FPackageName: Mount point added: '../../../Engine/Plugins/Experimental/FullBodyIK/Content/' mounted to '/FullBodyIK/'
LogPackageName: Display: FPackageName: Mount point added: '../../../Engine/Plugins/Experimental/GeometryCollectionPlugin/Content/' mounted to '/GeometryCollectionPlugin/'
LogPackageName: Display: FPackageName: Mount point added: '../../../Engine/Plugins/Experimental/Landmass/Content/' mounted to '/Landmass/'
LogPackageName: Display: FPackageName: Mount point added: '../../../Engine/Plugins/Experimental/PythonScriptPlugin/Content/' mounted to '/PythonScriptPlugin/'
LogPackageName: Display: FPackageName: Mount point added: '../../../Engine/Plugins/Experimental/UVEditor/Content/' mounted to '/UVEditor/'
LogPackageName: Display: FPackageName: Mount point added: '../../../Engine/Plugins/Experimental/VirtualHeightfieldMesh/Content/' mounted to '/VirtualHeightfieldMesh/'
LogPackageName: Display: FPackageName: Mount point added: '../../../Engine/Plugins/Experimental/Volumetrics/Content/' mounted to '/Volumetrics/'
LogPackageName: Display: FPackageName: Mount point added: '../../../Engine/Plugins/FX/Niagara/Content/' mounted to '/Niagara/'
LogPackageName: Display: FPackageName: Mount point added: '../../../Engine/Plugins/Marketplace/FSR3-510/FSR3/Content/' mounted to '/FSR3/'
LogPackageName: Display: FPackageName: Mount point added: '../../../Engine/Plugins/Media/MediaCompositing/Content/' mounted to '/MediaCompositing/'
LogPackageName: Display: FPackageName: Mount point added: '../../../Engine/Plugins/Media/MediaPlate/Content/' mounted to '/MediaPlate/'
LogPackageName: Display: FPackageName: Mount point added: '../../../Engine/Plugins/MovieScene/MovieRenderPipeline/Content/' mounted to '/MovieRenderPipeline/'
LogPackageName: Display: FPackageName: Mount point added: '../../../Engine/Plugins/MovieScene/SequencerScripting/Content/' mounted to '/SequencerScripting/'
LogPackageName: Display: FPackageName: Mount point added: '../../../Engine/Plugins/Runtime/AudioSynesthesia/Content/' mounted to '/AudioSynesthesia/'
LogPackageName: Display: FPackageName: Mount point added: '../../../Engine/Plugins/Runtime/AudioWidgets/Content/' mounted to '/AudioWidgets/'
LogPackageName: Display: FPackageName: Mount point added: '../../../Engine/Plugins/Runtime/GeometryProcessing/Content/' mounted to '/GeometryProcessing/'
LogPackageName: Display: FPackageName: Mount point added: '../../../Engine/Plugins/Runtime/HDRIBackdrop/Content/' mounted to '/HDRIBackdrop/'
LogPackageName: Display: FPackageName: Mount point added: '../../../Engine/Plugins/Runtime/Metasound/Content/' mounted to '/Metasound/'
LogPackageName: Display: FPackageName: Mount point added: '../../../Engine/Plugins/Runtime/Nvidia/CVarVolume/Content/' mounted to '/CVarVolume/'
LogPackageName: Display: FPackageName: Mount point added: '../../../Engine/Plugins/Runtime/Nvidia/DLSSMoviePipelineSupport/Content/' mounted to '/DLSSMoviePipelineSupport/'
LogPackageName: Display: FPackageName: Mount point added: '../../../Engine/Plugins/Runtime/Nvidia/DLSS/Content/' mounted to '/DLSS/'
LogPackageName: Display: FPackageName: Mount point added: '../../../Engine/Plugins/Runtime/Nvidia/NRD/Content/' mounted to '/NRD/'
LogPackageName: Display: FPackageName: Mount point added: '../../../Engine/Plugins/Runtime/ResonanceAudio/Content/' mounted to '/ResonanceAudio/'
LogPackageName: Display: FPackageName: Mount point added: '../../../Engine/Plugins/Runtime/Synthesis/Content/' mounted to '/Synthesis/'
LogPackageName: Display: FPackageName: Mount point added: '../../../Engine/Plugins/Runtime/WaveTable/Content/' mounted to '/WaveTable/'
LogPackageName: Display: FPackageName: Mount point added: '../../../Engine/Plugins/Tests/EditorTests/Content/' mounted to '/EditorTests/'
LogPackageName: Display: FPackageName: Mount point added: '../../../Engine/Plugins/VirtualProduction/Takes/Content/' mounted to '/Takes/'
LogConfig: Applying CVar settings from Section [/Script/FFXFSR3Settings.FFXFSR3Settings] File [Engine]
[2025.08.12-16.29.04:294][  0]LogMemory: Platform Memory Stats for Windows
[2025.08.12-16.29.04:294][  0]LogMemory: Process Physical Memory: 244.35 MB used, 254.05 MB peak
[2025.08.12-16.29.04:294][  0]LogMemory: Process Virtual Memory: 255.77 MB used, 255.77 MB peak
[2025.08.12-16.29.04:294][  0]LogMemory: Physical Memory: 13740.41 MB used,  51604.91 MB free, 65345.32 MB total
[2025.08.12-16.29.04:294][  0]LogMemory: Virtual Memory: 17492.71 MB used,  51948.62 MB free, 69441.33 MB total
[2025.08.12-16.30.00:695][459]Command not recognized: disableallscreenmessages
[2025.08.12-16.30.00:698][459]r.Shadow.Virtual.Clipmap.FirstLevel = "6"
[2025.08.12-16.30.00:698][459]r.VolumetricFog.GridSizeZ = "128"
[2025.08.12-16.30.00:699][459]XInput.XBoxUsingGameInputRumble = "false"
[2025.08.12-16.30.00:700][459]r.HDR.Display.MaxLuminance = "1000"
[2025.08.12-16.30.00:700][459]r.HDR.Display.MidLuminance = "17.7778"
[2025.08.12-16.30.00:700][459]t.MaxFPS = "60"
[2025.08.12-16.30.00:700][459]r.VSync = "1"
[2025.08.12-16.30.00:700][459]t.MaxFPS = "999"
[2025.08.12-16.30.00:700][459]rhi.SyncInterval = "1"
[2025.08.12-16.30.00:700][459]r.MotionBlurQuality = "0"
[2025.08.12-16.30.00:700][459]r.ScreenPercentage = "38"
[2025.08.12-16.30.00:701][459]r.NIS.Enable = "1"
[2025.08.12-16.30.00:701][459]r.FidelityFX.FSR3.Sharpness = "0"
[2025.08.12-16.30.00:701][459]r.Tonemapper.Sharpen = "0"
[2025.08.12-16.30.00:701][459]r.AntiAliasingMethod = "4"
[2025.08.12-16.30.00:701][459]r.NIS.Sharpness = "0"      LastSetBy: Constructor
[2025.08.12-16.30.00:701][459]r.FXAA.Quality = "5"
[2025.08.12-16.30.00:701][459]r.TemporalAA.Quality = "1"
[2025.08.12-16.30.00:701][459]r.TSR.History.R11G11B10 = "1"
[2025.08.12-16.30.00:701][459]r.TSR.History.ScreenPercentage = "100"
[2025.08.12-16.30.00:701][459]r.TSR.History.UpdateQuality = "2"
[2025.08.12-16.30.00:701][459]r.TSR.History.GrandReprojection = "0"
[2025.08.12-16.30.00:701][459]r.TSR.ShadingRejection.Flickering = "1"
[2025.08.12-16.30.00:701][459]r.TSR.Velocity.Extrapolation = "0"
[2025.08.12-16.30.00:701][459]Command not recognized: r.TSR.Velocity.HoleFill 1
[2025.08.12-16.30.00:701][459]r.TSR.RejectionAntiAliasingQuality = "1"
[2025.08.12-16.30.00:701][459]r.NIS.Sharpness = "0.3"
[2025.08.12-16.30.00:701][459]r.MotionBlur.HalfResGather = "0"
[2025.08.12-16.30.00:701][459]r.AmbientOcclusionMipLevelFactor = "0.6"
[2025.08.12-16.30.00:701][459]r.AmbientOcclusionMaxQuality = "100"
[2025.08.12-16.30.00:701][459]r.AmbientOcclusionLevels = "-1"
[2025.08.12-16.30.00:701][459]r.AmbientOcclusionRadiusScale = "1.5"
[2025.08.12-16.30.00:701][459]r.DepthOfFieldQuality = "2"
[2025.08.12-16.30.00:701][459]r.RenderTargetPoolMin = "400"
[2025.08.12-16.30.00:701][459]r.LensFlareQuality = "2"
[2025.08.12-16.30.00:701][459]r.EyeAdaptationQuality = "2"
[2025.08.12-16.30.00:701][459]r.BloomQuality = "5"
[2025.08.12-16.30.00:701][459]r.Bloom.ScreenPercentage = "50"
[2025.08.12-16.30.00:701][459]r.FastBlurThreshold = "7"
[2025.08.12-16.30.00:701][459]r.Upscale.Quality = "2"
[2025.08.12-16.30.00:701][459]r.Tonemapper.GrainQuantization = "1"
[2025.08.12-16.30.00:701][459]r.LightShaftQuality = "1"
[2025.08.12-16.30.00:701][459]r.Filter.SizeScale = "0.8"
[2025.08.12-16.30.00:701][459]r.Tonemapper.Quality = "5"
[2025.08.12-16.30.00:701][459]r.DOF.Gather.AccumulatorQuality = "0"
[2025.08.12-16.30.00:701][459]r.DOF.Gather.PostfilterMethod = "2"
[2025.08.12-16.30.00:701][459]r.DOF.Gather.EnableBokehSettings = "0"
[2025.08.12-16.30.00:701][459]r.DOF.Gather.RingCount = "4"
[2025.08.12-16.30.00:701][459]r.DOF.Scatter.ForegroundCompositing = "1"
[2025.08.12-16.30.00:701][459]r.DOF.Scatter.BackgroundCompositing = "1"
[2025.08.12-16.30.00:701][459]r.DOF.Scatter.EnableBokehSettings = "0"
[2025.08.12-16.30.00:701][459]r.DOF.Scatter.MaxSpriteRatio = "0.04"
[2025.08.12-16.30.00:701][459]r.DOF.Recombine.Quality = "0"
[2025.08.12-16.30.00:701][459]r.DOF.Recombine.EnableBokehSettings = "1"
[2025.08.12-16.30.00:701][459]r.DOF.TemporalAAQuality = "0"
[2025.08.12-16.30.00:701][459]r.DOF.Kernel.MaxForegroundRadius = "0.012"
[2025.08.12-16.30.00:701][459]r.DOF.Kernel.MaxBackgroundRadius = "0.012"
[2025.08.12-16.30.00:701][459]r.SkinCache.Mode = "1"
[2025.08.12-16.30.00:701][459]r.Shadow.Virtual.Clipmap.FirstLevel = "6"
[2025.08.12-16.30.00:701][459]r.Shadow.Virtual.Clipmap.LastLevel = "16"
[2025.08.12-16.30.00:701][459]r.LightFunctionQuality = "1"
[2025.08.12-16.30.00:701][459]r.ShadowQuality = "3"
[2025.08.12-16.30.00:701][459]r.Shadow.CSM.MaxCascades = "2"
[2025.08.12-16.30.00:701][459]r.Shadow.MaxResolution = "1024"
[2025.08.12-16.30.00:701][459]r.Shadow.MaxCSMResolution = "1024"
[2025.08.12-16.30.00:701][459]r.Shadow.RadiusThreshold = "0.01"
[2025.08.12-16.30.00:701][459]r.Shadow.DistanceScale = "1"
[2025.08.12-16.30.00:701][459]r.Shadow.CSM.TransitionScale = "0.25"
[2025.08.12-16.30.00:701][459]r.Shadow.PreShadowResolutionFactor = "0.5"
[2025.08.12-16.30.00:701][459]r.DistanceFieldShadowing = "0"
[2025.08.12-16.30.00:701][459]r.DistanceFieldAO = "1"
[2025.08.12-16.30.00:701][459]r.AOQuality = "1"
[2025.08.12-16.30.00:701][459]r.VolumetricFog.HistoryMissSupersampleCount = "4"
[2025.08.12-16.30.00:701][459]r.LightMaxDrawDistanceScale = "1.0"
[2025.08.12-16.30.00:701][459]r.CapsuleShadows = "1"
[2025.08.12-16.30.00:701][459]r.Shadow.Virtual.MaxPhysicalPages = "2048"
[2025.08.12-16.30.00:701][459]r.Shadow.Virtual.ResolutionLodBiasLocal = "1"
[2025.08.12-16.30.00:701][459]r.Shadow.Virtual.SMRT.RayCountDirectional = "4"
[2025.08.12-16.30.00:701][459]r.Shadow.Virtual.SMRT.SamplesPerRayDirectional = "2"
[2025.08.12-16.30.00:701][459]r.Shadow.Virtual.SMRT.RayCountLocal = "4"
[2025.08.12-16.30.00:701][459]r.Shadow.Virtual.SMRT.SamplesPerRayLocal = "2"
[2025.08.12-16.30.00:701][459]r.SceneColorFormat = "3"
[2025.08.12-16.30.00:701][459]r.SSS.HalfRes = "1"
[2025.08.12-16.30.00:701][459]r.Nanite.MaxPixelsPerEdge = "2"
[2025.08.12-16.30.00:701][459]r.Nanite.MinPixelsPerEdgeHW = "32"
[2025.08.12-16.30.00:701][459]r.TranslucencyLightingVolumeDim = "64"
[2025.08.12-16.30.00:701][459]r.RefractionQuality = "1"
[2025.08.12-16.30.00:701][459]r.SSR.Quality = "2"
[2025.08.12-16.30.00:701][459]r.SSR.HalfResSceneColor = "1"
[2025.08.12-16.30.00:701][459]r.DetailMode = "2"
[2025.08.12-16.30.00:701][459]r.TranslucencyVolumeBlur = "1"
[2025.08.12-16.30.00:701][459]r.SSS.Scale = "1"
[2025.08.12-16.30.00:701][459]r.SSS.SampleSet = "2"
[2025.08.12-16.30.00:701][459]r.SSS.Quality = "-1"
[2025.08.12-16.30.00:701][459]r.SSGI.Quality = "0"
[2025.08.12-16.30.00:701][459]r.EmitterSpawnRateScale = "1"
[2025.08.12-16.30.00:701][459]r.ParticleLightQuality = "1"
[2025.08.12-16.30.00:701][459]r.SkyAtmosphere.AerialPerspectiveLUT.FastApplyOnOpaque = "1"
[2025.08.12-16.30.00:701][459]r.SkyAtmosphere.AerialPerspectiveLUT.SampleCountMaxPerSlice = "1"
[2025.08.12-16.30.00:701][459]r.SkyAtmosphere.AerialPerspectiveLUT.DepthResolution = "8"
[2025.08.12-16.30.00:701][459]r.SkyAtmosphere.FastSkyLUT = "1"
[2025.08.12-16.30.00:702][459]r.SkyAtmosphere.FastSkyLUT.SampleCountMin = "4"
[2025.08.12-16.30.00:702][459]r.SkyAtmosphere.FastSkyLUT.SampleCountMax = "32"
[2025.08.12-16.30.00:702][459]r.SkyAtmosphere.SampleCountMin = "4"
[2025.08.12-16.30.00:702][459]r.SkyAtmosphere.SampleCountMax = "32"
[2025.08.12-16.30.00:702][459]r.SkyAtmosphere.TransmittanceLUT.UseSmallFormat = "0"
[2025.08.12-16.30.00:702][459]r.SkyAtmosphere.TransmittanceLUT.SampleCount = "10"
[2025.08.12-16.30.00:702][459]r.SkyAtmosphere.MultiScatteringLUT.SampleCount = "15"
[2025.08.12-16.30.00:702][459]r.SkyLight.RealTimeReflectionCapture = "1"
[2025.08.12-16.30.00:702][459]fx.Niagara.QualityLevel = "2"
[2025.08.12-16.30.00:702][459]r.SkeletalMeshLODBias = "0"
[2025.08.12-16.30.00:702][459]r.ViewDistanceScale = "1"
[2025.08.12-16.30.00:702][459]r.MipMapLODBias = "0"
[2025.08.12-16.30.00:702][459]r.Streaming.AmortizeCPUToGPUCopy = "0"
[2025.08.12-16.30.00:702][459]r.Streaming.MaxNumTexturesToStreamPerFrame = "0"
[2025.08.12-16.30.00:702][459]r.Streaming.Boost = "1"
[2025.08.12-16.30.00:702][459]r.MaxAnisotropy = "4"
[2025.08.12-16.30.00:702][459]r.VT.MaxAnisotropy = "8"
[2025.08.12-16.30.00:702][459]r.Streaming.LimitPoolSizeToVRAM = "0"
[2025.08.12-16.30.00:702][459]r.Streaming.PoolSize = "2000"
[2025.08.12-16.30.00:702][459]foliage.MinimumScreenSize = "5e-06"
[2025.08.12-16.30.00:702][459]foliage.DensityScale = "0.7"
[2025.08.12-16.30.00:702][459]grass.densityScale = "0.7"
[2025.08.12-16.30.00:702][459]r.MaterialQualityLevel = "2"
[2025.08.12-16.30.00:702][459]r.VolumetricFog = "1"
[2025.08.12-16.30.00:702][459]r.Shadow.Virtual.ResolutionLodBiasDirectional = "0"
[2025.08.12-16.30.00:702][459]r.VolumetricFog.GridSizeZ = "128"
[2025.08.12-16.30.00:702][459]r.VolumetricFog.GridPixelSize = "16"
[2025.08.12-16.30.00:702][459]r.Lumen.TraceDistanceScale = "1.0"
[2025.08.12-16.30.00:702][459]r.LumenScene.Radiosity = "0"
[2025.08.12-16.30.00:702][459]r.Lumen.DiffuseIndirect.Allow = "1"
[2025.08.12-16.30.00:702][459]r.LumenScene.Radiosity.ProbeSpacing = "8"
[2025.08.12-16.30.00:702][459]r.LumenScene.Radiosity.HemisphereProbeResolution = "3"
[2025.08.12-16.30.00:702][459]r.Lumen.TraceMeshSDFs.Allow = "0"
[2025.08.12-16.30.00:702][459]r.Lumen.ScreenProbeGather.RadianceCache.ProbeResolution = "16"
[2025.08.12-16.30.00:702][459]r.Lumen.ScreenProbeGather.RadianceCache.NumProbesToTraceBudget = "300"
[2025.08.12-16.30.00:702][459]r.Lumen.ScreenProbeGather.DownsampleFactor = "32"
[2025.08.12-16.30.00:702][459]r.Lumen.ScreenProbeGather.TracingOctahedronResolution = "8"
[2025.08.12-16.30.00:702][459]r.Lumen.ScreenProbeGather.IrradianceFormat = "1"
[2025.08.12-16.30.00:702][459]r.Lumen.ScreenProbeGather.StochasticInterpolation = "1"
[2025.08.12-16.30.00:702][459]r.Lumen.ScreenProbeGather.FullResolutionJitterWidth = "1.0"
[2025.08.12-16.30.00:702][459]r.Lumen.ScreenProbeGather.TwoSidedFoliageBackfaceDiffuse = "0"
[2025.08.12-16.30.00:702][459]r.Lumen.TranslucencyVolume.GridPixelSize = "64"
[2025.08.12-16.30.00:702][459]r.Lumen.TranslucencyVolume.TraceFromVolume = "0"
[2025.08.12-16.30.00:702][459]r.Lumen.TranslucencyVolume.TracingOctahedronResolution = "3"
[2025.08.12-16.30.00:702][459]r.Lumen.TranslucencyVolume.RadianceCache.ProbeResolution = "8"
[2025.08.12-16.30.00:702][459]r.Lumen.TranslucencyVolume.RadianceCache.NumProbesToTraceBudget = "200"
[2025.08.12-16.30.00:702][459]r.LumenScene.SurfaceCache.CardCaptureRefreshFraction = "0"
[2025.08.12-16.30.00:702][459]r.Lumen.ScreenProbeGather.ScreenSpaceBentNormal = "0"
[2025.08.12-16.30.00:702][459]r.Lumen.DiffuseIndirect.SSAO = "1"
[2025.08.12-16.30.00:702][459]r.Lumen.Reflections.Allow = "1"
[2025.08.12-16.30.00:702][459]r.Lumen.Reflections.DownsampleFactor = "2"
[2025.08.12-16.30.00:702][459]r.Lumen.TranslucencyReflections.FrontLayer.Allow = "0"
[2025.08.12-16.30.00:702][459]r.Lumen.TranslucencyReflections.FrontLayer.Enable = "0"
[2025.08.12-16.30.00:702][459]r.AOGlobalDistanceField = "1"
[2025.08.12-16.30.00:737][459]WindowsApplication.PreSetWindowMode = "WindowedFullscreen"
[2025.08.12-16.30.00:819][459]r.HDR.EnableHDROutput = "0"
[2025.08.12-16.30.00:819][459]r.Streamline.TagUIColorAlpha = "true"
[2025.08.12-16.30.00:819][459]r.Shadow.Virtual.MaxPhysicalPages = "5500"
[2025.08.12-16.30.00:820][459]Command not recognized: disableallscreenmessages
[2025.08.12-16.30.00:974][467]r.ScreenPercentage = "38"
[2025.08.12-16.30.02:473][683]r.FXAA.Quality = "5"
[2025.08.12-16.30.02:473][683]r.TemporalAA.Quality = "2"
[2025.08.12-16.30.02:473][683]r.TSR.History.R11G11B10 = "1"
[2025.08.12-16.30.02:473][683]r.TSR.History.ScreenPercentage = "100"
[2025.08.12-16.30.02:473][683]r.TSR.History.UpdateQuality = "3"
[2025.08.12-16.30.02:473][683]r.TSR.History.GrandReprojection = "1"
[2025.08.12-16.30.02:473][683]r.TSR.ShadingRejection.Flickering = "1"
[2025.08.12-16.30.02:473][683]r.TSR.Velocity.Extrapolation = "1"
[2025.08.12-16.30.02:473][683]Command not recognized: r.TSR.Velocity.HoleFill 1
[2025.08.12-16.30.02:473][683]r.TSR.RejectionAntiAliasingQuality = "2"
[2025.08.12-16.30.02:473][683]r.SkeletalMeshLODBias = "0"
[2025.08.12-16.30.02:473][683]r.ViewDistanceScale = "2"
[2025.08.12-16.30.02:473][683]r.MotionBlur.HalfResGather = "0"
[2025.08.12-16.30.02:473][683]r.AmbientOcclusionMipLevelFactor = "0.6"
[2025.08.12-16.30.02:473][683]r.AmbientOcclusionMaxQuality = "100"
[2025.08.12-16.30.02:473][683]r.AmbientOcclusionLevels = "-1"
[2025.08.12-16.30.02:473][683]r.AmbientOcclusionRadiusScale = "1.5"
[2025.08.12-16.30.02:473][683]r.DepthOfFieldQuality = "2"
[2025.08.12-16.30.02:473][683]r.RenderTargetPoolMin = "400"
[2025.08.12-16.30.02:473][683]r.LensFlareQuality = "2"
[2025.08.12-16.30.02:473][683]r.EyeAdaptationQuality = "2"
[2025.08.12-16.30.02:473][683]r.BloomQuality = "5"
[2025.08.12-16.30.02:473][683]r.Bloom.ScreenPercentage = "50"
[2025.08.12-16.30.02:473][683]r.FastBlurThreshold = "7"
[2025.08.12-16.30.02:473][683]r.Upscale.Quality = "2"
[2025.08.12-16.30.02:473][683]r.Tonemapper.GrainQuantization = "1"
[2025.08.12-16.30.02:473][683]r.LightShaftQuality = "1"
[2025.08.12-16.30.02:473][683]r.Filter.SizeScale = "0.8"
[2025.08.12-16.30.02:473][683]r.Tonemapper.Quality = "5"
[2025.08.12-16.30.02:473][683]r.DOF.Gather.AccumulatorQuality = "0"
[2025.08.12-16.30.02:473][683]r.DOF.Gather.PostfilterMethod = "2"
[2025.08.12-16.30.02:473][683]r.DOF.Gather.EnableBokehSettings = "0"
[2025.08.12-16.30.02:473][683]r.DOF.Gather.RingCount = "4"
[2025.08.12-16.30.02:473][683]r.DOF.Scatter.ForegroundCompositing = "1"
[2025.08.12-16.30.02:473][683]r.DOF.Scatter.BackgroundCompositing = "1"
[2025.08.12-16.30.02:473][683]r.DOF.Scatter.EnableBokehSettings = "0"
[2025.08.12-16.30.02:473][683]r.DOF.Scatter.MaxSpriteRatio = "0.04"
[2025.08.12-16.30.02:473][683]r.DOF.Recombine.Quality = "0"
[2025.08.12-16.30.02:473][683]r.DOF.Recombine.EnableBokehSettings = "1"
[2025.08.12-16.30.02:473][683]r.DOF.TemporalAAQuality = "0"
[2025.08.12-16.30.02:473][683]r.DOF.Kernel.MaxForegroundRadius = "0.012"
[2025.08.12-16.30.02:473][683]r.DOF.Kernel.MaxBackgroundRadius = "0.012"
[2025.08.12-16.30.02:473][683]r.SkinCache.Mode = "1"
[2025.08.12-16.30.02:473][683]r.MipMapLODBias = "-1"
[2025.08.12-16.30.02:473][683]r.Streaming.AmortizeCPUToGPUCopy = "0"
[2025.08.12-16.30.02:473][683]r.Streaming.MaxNumTexturesToStreamPerFrame = "0"
[2025.08.12-16.30.02:473][683]r.Streaming.Boost = "1"
[2025.08.12-16.30.02:473][683]r.MaxAnisotropy = "8"
[2025.08.12-16.30.02:473][683]r.VT.MaxAnisotropy = "8"
[2025.08.12-16.30.02:473][683]r.Streaming.LimitPoolSizeToVRAM = "0"
[2025.08.12-16.30.02:473][683]r.Streaming.PoolSize = "6144"
[2025.08.12-16.30.02:473][683]r.Streaming.MipBias = "0"
[2025.08.12-16.30.02:473][683]r.Shadow.Virtual.Clipmap.FirstLevel = "6"
[2025.08.12-16.30.02:473][683]r.Shadow.Virtual.Clipmap.LastLevel = "22"
[2025.08.12-16.30.02:473][683]r.LightFunctionQuality = "1"
[2025.08.12-16.30.02:473][683]r.ShadowQuality = "3"
[2025.08.12-16.30.02:473][683]r.Shadow.CSM.MaxCascades = "2"
[2025.08.12-16.30.02:473][683]r.Shadow.MaxResolution = "1024"
[2025.08.12-16.30.02:473][683]r.Shadow.MaxCSMResolution = "1024"
[2025.08.12-16.30.02:473][683]r.Shadow.RadiusThreshold = "0.02"
[2025.08.12-16.30.02:473][683]r.Shadow.DistanceScale = "1"
[2025.08.12-16.30.02:473][683]r.Shadow.CSM.TransitionScale = "0.25"
[2025.08.12-16.30.02:473][683]r.Shadow.PreShadowResolutionFactor = "0.5"
[2025.08.12-16.30.02:473][683]r.DistanceFieldShadowing = "0"
[2025.08.12-16.30.02:473][683]r.DistanceFieldAO = "1"
[2025.08.12-16.30.02:473][683]r.AOQuality = "1"
[2025.08.12-16.30.02:473][683]r.VolumetricFog.HistoryMissSupersampleCount = "4"
[2025.08.12-16.30.02:473][683]r.LightMaxDrawDistanceScale = "1.0"
[2025.08.12-16.30.02:473][683]r.CapsuleShadows = "1"
[2025.08.12-16.30.02:473][683]r.Shadow.Virtual.MaxPhysicalPages = "5500"
[2025.08.12-16.30.02:473][683]r.Shadow.Virtual.ResolutionLodBiasLocal = "1"
[2025.08.12-16.30.02:474][683]r.Shadow.Virtual.SMRT.RayCountDirectional = "4"
[2025.08.12-16.30.02:474][683]r.Shadow.Virtual.SMRT.SamplesPerRayDirectional = "2"
[2025.08.12-16.30.02:474][683]r.Shadow.Virtual.SMRT.RayCountLocal = "4"
[2025.08.12-16.30.02:474][683]r.Shadow.Virtual.SMRT.SamplesPerRayLocal = "2"
[2025.08.12-16.30.02:474][683]r.SceneColorFormat = "4"
[2025.08.12-16.30.02:474][683]r.SSS.HalfRes = "1"
[2025.08.12-16.30.02:474][683]r.Nanite.MaxPixelsPerEdge = "0.8"
[2025.08.12-16.30.02:474][683]r.Nanite.MinPixelsPerEdgeHW = "8"
[2025.08.12-16.30.02:474][683]r.TranslucencyLightingVolumeDim = "64"
[2025.08.12-16.30.02:474][683]r.RefractionQuality = "1"
[2025.08.12-16.30.02:474][683]r.SSR.Quality = "2"
[2025.08.12-16.30.02:474][683]r.SSR.HalfResSceneColor = "1"
[2025.08.12-16.30.02:474][683]r.DetailMode = "2"
[2025.08.12-16.30.02:474][683]r.TranslucencyVolumeBlur = "1"
[2025.08.12-16.30.02:474][683]r.SSS.Scale = "1"
[2025.08.12-16.30.02:474][683]r.SSS.SampleSet = "2"
[2025.08.12-16.30.02:474][683]r.SSS.Quality = "1"
[2025.08.12-16.30.02:474][683]r.SSGI.Quality = "1"
[2025.08.12-16.30.02:474][683]r.EmitterSpawnRateScale = "1"
[2025.08.12-16.30.02:474][683]r.ParticleLightQuality = "1"
[2025.08.12-16.30.02:474][683]r.SkyAtmosphere.AerialPerspectiveLUT.FastApplyOnOpaque = "1"
[2025.08.12-16.30.02:474][683]r.SkyAtmosphere.AerialPerspectiveLUT.SampleCountMaxPerSlice = "1"
[2025.08.12-16.30.02:474][683]r.SkyAtmosphere.AerialPerspectiveLUT.DepthResolution = "8"
[2025.08.12-16.30.02:474][683]r.SkyAtmosphere.FastSkyLUT = "1"
[2025.08.12-16.30.02:474][683]r.SkyAtmosphere.FastSkyLUT.SampleCountMin = "4"
[2025.08.12-16.30.02:474][683]r.SkyAtmosphere.FastSkyLUT.SampleCountMax = "32"
[2025.08.12-16.30.02:474][683]r.SkyAtmosphere.SampleCountMin = "4"
[2025.08.12-16.30.02:474][683]r.SkyAtmosphere.SampleCountMax = "32"
[2025.08.12-16.30.02:474][683]r.SkyAtmosphere.TransmittanceLUT.UseSmallFormat = "0"
[2025.08.12-16.30.02:474][683]r.SkyAtmosphere.TransmittanceLUT.SampleCount = "10"
[2025.08.12-16.30.02:474][683]r.SkyAtmosphere.MultiScatteringLUT.SampleCount = "15"
[2025.08.12-16.30.02:474][683]r.SkyLight.RealTimeReflectionCapture = "1"
[2025.08.12-16.30.02:474][683]fx.Niagara.QualityLevel = "4"
[2025.08.12-16.30.02:474][683]foliage.MinimumScreenSize = "5e-06"
[2025.08.12-16.30.02:474][683]foliage.DensityScale = "1"
[2025.08.12-16.30.02:474][683]grass.densityScale = "1.0"
[2025.08.12-16.30.02:474][683]r.MaterialQualityLevel = "1"
[2025.08.12-16.30.02:474][683]r.Lumen.TraceDistanceScale = "1.0"
[2025.08.12-16.30.02:474][683]r.LumenScene.Radiosity = "0"
[2025.08.12-16.30.02:474][683]r.Lumen.DiffuseIndirect.Allow = "1"
[2025.08.12-16.30.02:474][683]r.LumenScene.Radiosity.ProbeSpacing = "8"
[2025.08.12-16.30.02:474][683]r.LumenScene.Radiosity.HemisphereProbeResolution = "3"
[2025.08.12-16.30.02:474][683]r.Lumen.TraceMeshSDFs.Allow = "0"
[2025.08.12-16.30.02:474][683]r.Lumen.ScreenProbeGather.RadianceCache.ProbeResolution = "16"
[2025.08.12-16.30.02:474][683]r.Lumen.ScreenProbeGather.RadianceCache.NumProbesToTraceBudget = "300"
[2025.08.12-16.30.02:474][683]r.Lumen.ScreenProbeGather.DownsampleFactor = "16"
[2025.08.12-16.30.02:474][683]r.Lumen.ScreenProbeGather.TracingOctahedronResolution = "8"
[2025.08.12-16.30.02:474][683]r.Lumen.ScreenProbeGather.IrradianceFormat = "1"
[2025.08.12-16.30.02:474][683]r.Lumen.ScreenProbeGather.StochasticInterpolation = "1"
[2025.08.12-16.30.02:474][683]r.Lumen.ScreenProbeGather.FullResolutionJitterWidth = "1.0"
[2025.08.12-16.30.02:474][683]r.Lumen.ScreenProbeGather.TwoSidedFoliageBackfaceDiffuse = "0"
[2025.08.12-16.30.02:474][683]r.Lumen.TranslucencyVolume.GridPixelSize = "64"
[2025.08.12-16.30.02:474][683]r.Lumen.TranslucencyVolume.TraceFromVolume = "0"
[2025.08.12-16.30.02:474][683]r.Lumen.TranslucencyVolume.TracingOctahedronResolution = "3"
[2025.08.12-16.30.02:474][683]r.Lumen.TranslucencyVolume.RadianceCache.ProbeResolution = "8"
[2025.08.12-16.30.02:474][683]r.Lumen.TranslucencyVolume.RadianceCache.NumProbesToTraceBudget = "200"
[2025.08.12-16.30.02:474][683]r.LumenScene.SurfaceCache.CardCaptureRefreshFraction = "0"
[2025.08.12-16.30.02:474][683]r.Lumen.Reflections.Allow = "1"
[2025.08.12-16.30.02:474][683]r.Lumen.Reflections.DownsampleFactor = "2"
[2025.08.12-16.30.02:474][683]r.Lumen.TranslucencyReflections.FrontLayer.Allow = "0"
[2025.08.12-16.30.02:474][683]r.Lumen.TranslucencyReflections.FrontLayer.Enable = "0"
[2025.08.12-16.30.02:474][683]r.AOGlobalDistanceField = "1"
[2025.08.12-16.30.02:474][683]r.VolumetricFog = "1"
[2025.08.12-16.30.02:474][683]r.Shadow.Virtual.ResolutionLodBiasDirectional = "0"
[2025.08.12-16.30.02:474][683]r.VolumetricFog.GridSizeZ = "128"
[2025.08.12-16.30.02:474][683]r.VolumetricFog.GridPixelSize = "8"
[2025.08.12-16.30.02:474][683]r.ScreenPercentage = "50"
[2025.08.12-16.30.59:151][746]r.Shadow.Virtual.Clipmap.FirstLevel = "6"
[2025.08.12-16.30.59:151][746]r.VolumetricFog.GridSizeZ = "128"
[2025.08.12-16.30.59:252][747]Command not recognized: DisableAllScreenMessages
[2025.08.12-16.30.59:252][747]dcs.runtime.LODForceSettings = "0"
[2025.08.12-16.30.59:252][747]s.AsyncLoadingTimeLimit = "50000.0"
[2025.08.12-16.30.59:252][747]s.PriorityAsyncLoadingExtraTime = "25000.0"
[2025.08.12-16.30.59:252][747]s.LevelStreamingActorsUpdateTimeLimit = "50000.0"
[2025.08.12-16.30.59:252][747]s.PriorityLevelStreamingActorsUpdateExtraTime = "50000.0"
[2025.08.12-16.30.59:252][747]s.LevelStreamingComponentsRegistrationGranularity = "1000000"
[2025.08.12-16.30.59:252][747]s.LevelStreamingAddPrimitiveGranularity = "1000000"
[2025.08.12-16.30.59:252][747]Command not recognized: s.LevelStreamingUnregisterComponentsTimeLimit 50000.0
[2025.08.12-16.30.59:252][747]s.LevelStreamingComponentsUnregistrationGranularity = "1000000"
[2025.08.12-16.30.59:252][747]dcs.runtime.DCSLazyLoad = "1"
[2025.08.12-16.30.59:252][747]ControlRig.DisableExecutionAll = "1"
[2025.08.12-16.30.59:252][747]dcs.SmoonthActorRouteInitialize = "1"
[2025.08.12-16.30.59:252][747]r.Shadow.Virtual.Clipmap.LastLevel = "0"
[2025.08.12-16.30.59:252][747]r.Shadow.Virtual.Cache = "0"
[2025.08.12-16.30.59:255][747]Command not recognized: disableallscreenmessages
[2025.08.12-16.31.10:381][798]s.AsyncLoadingTimeLimit = "2.0"
[2025.08.12-16.31.10:381][798]s.PriorityAsyncLoadingExtraTime = "15.0"
[2025.08.12-16.31.10:381][798]s.LevelStreamingActorsUpdateTimeLimit = "2.0"
[2025.08.12-16.31.10:381][798]s.PriorityLevelStreamingActorsUpdateExtraTime = "1.0"
[2025.08.12-16.31.10:381][798]s.LevelStreamingComponentsRegistrationGranularity = "2"
[2025.08.12-16.31.10:381][798]s.LevelStreamingAddPrimitiveGranularity = "2"
[2025.08.12-16.31.10:381][798]Command not recognized: s.LevelStreamingUnregisterComponentsTimeLimit 1.0
[2025.08.12-16.31.10:381][798]s.LevelStreamingComponentsUnregistrationGranularity = "2"
[2025.08.12-16.31.10:381][798]dcs.runtime.DCSLazyLoad = "0"
[2025.08.12-16.31.10:381][798]ControlRig.DisableExecutionAll = "0"
[2025.08.12-16.31.10:381][798]dcs.SmoonthActorRouteInitialize = "1"
[2025.08.12-16.31.10:381][798]r.Shadow.Virtual.Cache = "1"
[2025.08.12-16.31.10:382][798]r.Shadow.Virtual.Clipmap.LastLevel = "22"
[2025.08.12-16.31.10:389][799]PIE: Warning: Interact Brush:  BP_Brush_Shape_C_2147477674 ISN'T attached to an Actor with Collisitn. Interact Volume will not work with it. Please make Actor:  DI_Katana01_C_2147477676 has query collision to 'WorldDynamic'
[2025.08.12-16.32.27:996][ 49]r.Shadow.Virtual.Clipmap.FirstLevel = "6"
[2025.08.12-16.32.27:996][ 49]r.VolumetricFog.GridSizeZ = "128"
[2025.08.12-16.32.27:996][ 49]r.DOF.DLSS.HiResHalfResSceneColor = "0"
[2025.08.12-16.32.27:996][ 49]r.Nanite.MinPixelsPerEdgeHW = "16"
[2025.08.12-16.33.39:346][915]r.Shadow.Virtual.Clipmap.FirstLevel = "6"
[2025.08.12-16.33.39:346][915]r.VolumetricFog.GridSizeZ = "128"
[2025.08.12-16.33.39:346][915]r.DOF.DLSS.HiResHalfResSceneColor = "1"
[2025.08.12-16.33.39:346][915]r.Nanite.MinPixelsPerEdgeHW = "8"
[2025.08.12-16.40.46:801][106]s.AsyncLoadingTimeLimit = "50000.0"
[2025.08.12-16.40.46:801][106]s.PriorityAsyncLoadingExtraTime = "25000.0"
[2025.08.12-16.40.46:801][106]s.LevelStreamingActorsUpdateTimeLimit = "50000.0"
[2025.08.12-16.40.46:801][106]s.PriorityLevelStreamingActorsUpdateExtraTime = "50000.0"
[2025.08.12-16.40.46:801][106]s.LevelStreamingComponentsRegistrationGranularity = "1000000"
[2025.08.12-16.40.46:801][106]s.LevelStreamingAddPrimitiveGranularity = "1000000"
[2025.08.12-16.40.46:801][106]Command not recognized: s.LevelStreamingUnregisterComponentsTimeLimit 50000.0
[2025.08.12-16.40.46:802][106]s.LevelStreamingComponentsUnregistrationGranularity = "1000000"
[2025.08.12-16.40.46:802][106]dcs.runtime.DCSLazyLoad = "1"
[2025.08.12-16.40.46:802][106]ControlRig.DisableExecutionAll = "1"
[2025.08.12-16.40.46:802][106]dcs.SmoonthActorRouteInitialize = "1"
[2025.08.12-16.40.46:802][106]r.Shadow.Virtual.Clipmap.LastLevel = "0"
[2025.08.12-16.40.46:802][106]r.Shadow.Virtual.Cache = "0"
[2025.08.12-16.40.46:803][106]dcs.runtime.LODForceSettings = "0"
[2025.08.12-16.40.48:819][274]s.AsyncLoadingTimeLimit = "2.0"
[2025.08.12-16.40.48:819][274]s.PriorityAsyncLoadingExtraTime = "15.0"
[2025.08.12-16.40.48:819][274]s.LevelStreamingActorsUpdateTimeLimit = "2.0"
[2025.08.12-16.40.48:819][274]s.PriorityLevelStreamingActorsUpdateExtraTime = "1.0"
[2025.08.12-16.40.48:819][274]s.LevelStreamingComponentsRegistrationGranularity = "2"
[2025.08.12-16.40.48:819][274]s.LevelStreamingAddPrimitiveGranularity = "2"
[2025.08.12-16.40.48:819][274]Command not recognized: s.LevelStreamingUnregisterComponentsTimeLimit 1.0
[2025.08.12-16.40.48:819][274]s.LevelStreamingComponentsUnregistrationGranularity = "2"
[2025.08.12-16.40.48:819][274]dcs.runtime.DCSLazyLoad = "0"
[2025.08.12-16.40.48:819][274]ControlRig.DisableExecutionAll = "0"
[2025.08.12-16.40.48:819][274]dcs.SmoonthActorRouteInitialize = "1"
[2025.08.12-16.40.48:819][274]r.Shadow.Virtual.Cache = "1"
[2025.08.12-16.40.48:819][274]r.Shadow.Virtual.Clipmap.LastLevel = "22"
[2025.08.12-16.40.48:825][275]PIE: Warning: Interact Brush:  BP_Brush_Shape_C_2147448786 ISN'T attached to an Actor with Collisitn. Interact Volume will not work with it. Please make Actor:  DI_Katana01_C_2147448788 has query collision to 'WorldDynamic'
[2025.08.12-16.42.44:747][163]s.AsyncLoadingTimeLimit = "50000.0"
[2025.08.12-16.42.44:747][163]s.PriorityAsyncLoadingExtraTime = "25000.0"
[2025.08.12-16.42.44:747][163]s.LevelStreamingActorsUpdateTimeLimit = "50000.0"
[2025.08.12-16.42.44:747][163]s.PriorityLevelStreamingActorsUpdateExtraTime = "50000.0"
[2025.08.12-16.42.44:747][163]s.LevelStreamingComponentsRegistrationGranularity = "1000000"
[2025.08.12-16.42.44:747][163]s.LevelStreamingAddPrimitiveGranularity = "1000000"
[2025.08.12-16.42.44:747][163]Command not recognized: s.LevelStreamingUnregisterComponentsTimeLimit 50000.0
[2025.08.12-16.42.44:747][163]s.LevelStreamingComponentsUnregistrationGranularity = "1000000"
[2025.08.12-16.42.44:747][163]dcs.runtime.DCSLazyLoad = "1"
[2025.08.12-16.42.44:747][163]ControlRig.DisableExecutionAll = "1"
[2025.08.12-16.42.44:747][163]dcs.SmoonthActorRouteInitialize = "1"
[2025.08.12-16.42.44:747][163]r.Shadow.Virtual.Clipmap.LastLevel = "0"
[2025.08.12-16.42.44:747][163]r.Shadow.Virtual.Cache = "0"
[2025.08.12-16.42.44:748][163]dcs.runtime.LODForceSettings = "0"
[2025.08.12-16.42.45:603][203]PIE: Warning: Interact Brush:  BP_Brush_Turbulent ISN'T attached to an Actor with Collisitn. Interact Volume will not work with it. Please make Actor:  BP_BKL_AI_Special_C_1 has query collision to 'WorldDynamic'
[2025.08.12-16.42.45:842][223]r.Lumen.Reflections.MaxRayIntensity = "100.0"
[2025.08.12-16.42.45:842][223]rhi.SyncInterval = "0"
[2025.08.12-16.42.46:387][281]s.AsyncLoadingTimeLimit = "2.0"
[2025.08.12-16.42.46:387][281]s.PriorityAsyncLoadingExtraTime = "15.0"
[2025.08.12-16.42.46:387][281]s.LevelStreamingActorsUpdateTimeLimit = "2.0"
[2025.08.12-16.42.46:387][281]s.PriorityLevelStreamingActorsUpdateExtraTime = "1.0"
[2025.08.12-16.42.46:387][281]s.LevelStreamingComponentsRegistrationGranularity = "2"
[2025.08.12-16.42.46:387][281]s.LevelStreamingAddPrimitiveGranularity = "2"
[2025.08.12-16.42.46:387][281]Command not recognized: s.LevelStreamingUnregisterComponentsTimeLimit 1.0
[2025.08.12-16.42.46:387][281]s.LevelStreamingComponentsUnregistrationGranularity = "2"
[2025.08.12-16.42.46:387][281]dcs.runtime.DCSLazyLoad = "0"
[2025.08.12-16.42.46:387][281]ControlRig.DisableExecutionAll = "0"
[2025.08.12-16.42.46:387][281]dcs.SmoonthActorRouteInitialize = "1"
[2025.08.12-16.42.46:387][281]r.Shadow.Virtual.Cache = "1"
[2025.08.12-16.42.46:387][281]r.Shadow.Virtual.Clipmap.LastLevel = "22"
[2025.08.12-16.42.46:392][282]PIE: Warning: Interact Brush:  BP_Brush_Shape_C_2147444758 ISN'T attached to an Actor with Collisitn. Interact Volume will not work with it. Please make Actor:  DI_Katana01_C_2147444760 has query collision to 'WorldDynamic'
[2025.08.12-16.43.25:457][466]dcs.runtime.LODForceSettings = "1"
[2025.08.12-16.43.26:013][535]r.Shadow.Virtual.Clipmap.FirstLevel = "6"
[2025.08.12-16.43.26:013][535]r.VolumetricFog.GridSizeZ = "128"
[2025.08.12-16.43.26:013][535]r.DOF.DLSS.HiResHalfResSceneColor = "0"
[2025.08.12-16.44.02:162][231]r.Shadow.Virtual.Clipmap.FirstLevel = "6"
[2025.08.12-16.44.02:162][231]r.VolumetricFog.GridSizeZ = "128"
[2025.08.12-16.44.02:162][231]r.DOF.DLSS.HiResHalfResSceneColor = "1"
[2025.08.12-16.44.28:205][705]PIE: Warning: Interact Brush:  BP_Brush_Texture_C_2147443649 ISN'T attached to an Actor with Collisitn. Interact Volume will not work with it. Please make Actor:  MagicBase_25074_2_C_2147443661 has query collision to 'WorldDynamic'
[2025.08.12-16.44.28:328][722]PIE: Warning: Interact Brush:  BP_Brush_Texture_C_2147443639 ISN'T attached to an Actor with Collisitn. Interact Volume will not work with it. Please make Actor:  MagicBase_25074_2_C_2147443658 has query collision to 'WorldDynamic'
[2025.08.12-16.44.28:442][737]PIE: Warning: Interact Brush:  BP_Brush_Texture_C_2147443632 ISN'T attached to an Actor with Collisitn. Interact Volume will not work with it. Please make Actor:  MagicBase_25074_2_C_2147443655 has query collision to 'WorldDynamic'
[2025.08.12-16.44.28:610][759]PIE: Warning: Interact Brush:  BP_Brush_Texture_C_2147443623 ISN'T attached to an Actor with Collisitn. Interact Volume will not work with it. Please make Actor:  MagicBase_25074_2_C_2147443652 has query collision to 'WorldDynamic'
[2025.08.12-16.44.28:781][781]PIE: Warning: Interact Brush:  BP_Brush_Texture_C_2147443611 ISN'T attached to an Actor with Collisitn. Interact Volume will not work with it. Please make Actor:  MagicBase_25074_2_C_2147443647 has query collision to 'WorldDynamic'
[2025.08.12-16.44.28:929][800]PIE: Warning: Interact Brush:  BP_Brush_Texture_C_2147443603 ISN'T attached to an Actor with Collisitn. Interact Volume will not work with it. Please make Actor:  MagicBase_25074_2_C_2147443636 has query collision to 'WorldDynamic'
[2025.08.12-16.44.29:038][814]PIE: Warning: Interact Brush:  BP_Brush_Texture_C_2147443597 ISN'T attached to an Actor with Collisitn. Interact Volume will not work with it. Please make Actor:  MagicBase_25074_2_C_2147443626 has query collision to 'WorldDynamic'
[2025.08.12-16.44.29:137][827]PIE: Warning: Interact Brush:  BP_Brush_Texture_C_2147443593 ISN'T attached to an Actor with Collisitn. Interact Volume will not work with it. Please make Actor:  MagicBase_25074_2_C_2147443621 has query collision to 'WorldDynamic'
[2025.08.12-16.44.29:237][840]PIE: Warning: Interact Brush:  BP_Brush_Texture_C_2147443587 ISN'T attached to an Actor with Collisitn. Interact Volume will not work with it. Please make Actor:  MagicBase_25074_2_C_2147443618 has query collision to 'WorldDynamic'
[2025.08.12-16.44.29:419][864]PIE: Warning: Interact Brush:  BP_Brush_Texture_C_2147443582 ISN'T attached to an Actor with Collisitn. Interact Volume will not work with it. Please make Actor:  MagicBase_25074_2_C_2147443607 has query collision to 'WorldDynamic'
[2025.08.12-16.44.29:526][878]PIE: Warning: Interact Brush:  BP_Brush_Texture_C_2147443577 ISN'T attached to an Actor with Collisitn. Interact Volume will not work with it. Please make Actor:  MagicBase_25074_2_C_2147443600 has query collision to 'WorldDynamic'
[2025.08.12-16.44.29:636][892]PIE: Warning: Interact Brush:  BP_Brush_Texture_C_2147443572 ISN'T attached to an Actor with Collisitn. Interact Volume will not work with it. Please make Actor:  MagicBase_25074_2_C_2147443595 has query collision to 'WorldDynamic'
[2025.08.12-16.44.29:746][906]PIE: Warning: Interact Brush:  BP_Brush_Texture_C_2147443567 ISN'T attached to an Actor with Collisitn. Interact Volume will not work with it. Please make Actor:  MagicBase_25074_2_C_2147443585 has query collision to 'WorldDynamic'
[2025.08.12-16.44.29:956][933]PIE: Warning: Interact Brush:  BP_Brush_Texture_C_2147443559 ISN'T attached to an Actor with Collisitn. Interact Volume will not work with it. Please make Actor:  MagicBase_25074_2_C_2147443580 has query collision to 'WorldDynamic'
[2025.08.12-16.44.30:070][948]PIE: Warning: Interact Brush:  BP_Brush_Texture_C_2147443554 ISN'T attached to an Actor with Collisitn. Interact Volume will not work with it. Please make Actor:  MagicBase_25074_2_C_2147443575 has query collision to 'WorldDynamic'
[2025.08.12-16.44.30:174][962]PIE: Warning: Interact Brush:  BP_Brush_Texture_C_2147443548 ISN'T attached to an Actor with Collisitn. Interact Volume will not work with it. Please make Actor:  MagicBase_25074_2_C_2147443570 has query collision to 'WorldDynamic'
[2025.08.12-16.44.30:273][975]PIE: Warning: Interact Brush:  BP_Brush_Texture_C_2147443544 ISN'T attached to an Actor with Collisitn. Interact Volume will not work with it. Please make Actor:  MagicBase_25074_2_C_2147443565 has query collision to 'WorldDynamic'
[2025.08.12-16.44.30:403][992]PIE: Warning: Interact Brush:  BP_Brush_Texture_C_2147443539 ISN'T attached to an Actor with Collisitn. Interact Volume will not work with it. Please make Actor:  MagicBase_25074_2_C_2147443562 has query collision to 'WorldDynamic'
[2025.08.12-16.44.30:517][  7]PIE: Warning: Interact Brush:  BP_Brush_Texture_C_2147443535 ISN'T attached to an Actor with Collisitn. Interact Volume will not work with it. Please make Actor:  MagicBase_25074_2_C_2147443557 has query collision to 'WorldDynamic'
[2025.08.12-16.44.30:636][ 23]PIE: Warning: Interact Brush:  BP_Brush_Texture_C_2147443530 ISN'T attached to an Actor with Collisitn. Interact Volume will not work with it. Please make Actor:  MagicBase_25074_2_C_2147443551 has query collision to 'WorldDynamic'
[2025.08.12-16.44.30:749][ 38]PIE: Warning: Interact Brush:  BP_Brush_Texture_C_2147443525 ISN'T attached to an Actor with Collisitn. Interact Volume will not work with it. Please make Actor:  MagicBase_25074_2_C_2147443547 has query collision to 'WorldDynamic'
[2025.08.12-16.44.30:870][ 54]PIE: Warning: Interact Brush:  BP_Brush_Texture_C_2147443519 ISN'T attached to an Actor with Collisitn. Interact Volume will not work with it. Please make Actor:  MagicBase_25074_2_C_2147443542 has query collision to 'WorldDynamic'
[2025.08.12-16.44.30:968][ 67]PIE: Warning: Interact Brush:  BP_Brush_Texture_C_2147443517 ISN'T attached to an Actor with Collisitn. Interact Volume will not work with it. Please make Actor:  MagicBase_25074_2_C_2147443538 has query collision to 'WorldDynamic'
[2025.08.12-16.44.31:102][ 85]PIE: Warning: Interact Brush:  BP_Brush_Texture_C_2147443512 ISN'T attached to an Actor with Collisitn. Interact Volume will not work with it. Please make Actor:  MagicBase_25074_2_C_2147443533 has query collision to 'WorldDynamic'
[2025.08.12-16.44.31:224][101]PIE: Warning: Interact Brush:  BP_Brush_Texture_C_2147443507 ISN'T attached to an Actor with Collisitn. Interact Volume will not work with it. Please make Actor:  MagicBase_25074_2_C_2147443528 has query collision to 'WorldDynamic'
[2025.08.12-16.44.31:352][118]PIE: Warning: Interact Brush:  BP_Brush_Texture_C_2147443502 ISN'T attached to an Actor with Collisitn. Interact Volume will not work with it. Please make Actor:  MagicBase_25074_2_C_2147443522 has query collision to 'WorldDynamic'
[2025.08.12-16.44.31:473][134]PIE: Warning: Interact Brush:  BP_Brush_Texture_C_2147443501 ISN'T attached to an Actor with Collisitn. Interact Volume will not work with it. Please make Actor:  MagicBase_25074_2_C_2147443516 has query collision to 'WorldDynamic'
[2025.08.12-16.44.31:652][157]PIE: Warning: Interact Brush:  BP_Brush_Texture_C_2147443497 ISN'T attached to an Actor with Collisitn. Interact Volume will not work with it. Please make Actor:  MagicBase_25074_2_C_2147443510 has query collision to 'WorldDynamic'
[2025.08.12-16.44.31:761][171]PIE: Warning: Interact Brush:  BP_Brush_Texture_C_2147443496 ISN'T attached to an Actor with Collisitn. Interact Volume will not work with it. Please make Actor:  MagicBase_25074_2_C_2147443505 has query collision to 'WorldDynamic'
[2025.08.12-16.44.32:017][204]PIE: Warning: Interact Brush:  BP_Brush_Texture_C_2147443494 ISN'T attached to an Actor with Collisitn. Interact Volume will not work with it. Please make Actor:  MagicBase_25074_2_C_2147443500 has query collision to 'WorldDynamic'
[2025.08.12-16.44.58:762][686]s.AsyncLoadingTimeLimit = "50000.0"
[2025.08.12-16.44.58:762][686]s.PriorityAsyncLoadingExtraTime = "25000.0"
[2025.08.12-16.44.58:762][686]s.LevelStreamingActorsUpdateTimeLimit = "50000.0"
[2025.08.12-16.44.58:762][686]s.PriorityLevelStreamingActorsUpdateExtraTime = "50000.0"
[2025.08.12-16.44.58:762][686]s.LevelStreamingComponentsRegistrationGranularity = "1000000"
[2025.08.12-16.44.58:762][686]s.LevelStreamingAddPrimitiveGranularity = "1000000"
[2025.08.12-16.44.58:762][686]Command not recognized: s.LevelStreamingUnregisterComponentsTimeLimit 50000.0
[2025.08.12-16.44.58:762][686]s.LevelStreamingComponentsUnregistrationGranularity = "1000000"
[2025.08.12-16.44.58:762][686]dcs.runtime.DCSLazyLoad = "1"
[2025.08.12-16.44.58:762][686]ControlRig.DisableExecutionAll = "1"
[2025.08.12-16.44.58:762][686]dcs.SmoonthActorRouteInitialize = "1"
[2025.08.12-16.44.58:762][686]r.Shadow.Virtual.Clipmap.LastLevel = "0"
[2025.08.12-16.44.58:762][686]r.Shadow.Virtual.Cache = "0"
[2025.08.12-16.44.58:779][686]dcs.runtime.LODForceSettings = "0"
[2025.08.12-16.44.58:782][686]r.Lumen.Reflections.MaxRayIntensity = "0.5"
[2025.08.12-16.44.58:782][686]rhi.SyncInterval = "1"
[2025.08.12-16.45.01:228][968]s.AsyncLoadingTimeLimit = "2.0"
[2025.08.12-16.45.01:228][968]s.PriorityAsyncLoadingExtraTime = "15.0"
[2025.08.12-16.45.01:228][968]s.LevelStreamingActorsUpdateTimeLimit = "2.0"
[2025.08.12-16.45.01:228][968]s.PriorityLevelStreamingActorsUpdateExtraTime = "1.0"
[2025.08.12-16.45.01:228][968]s.LevelStreamingComponentsRegistrationGranularity = "2"
[2025.08.12-16.45.01:228][968]s.LevelStreamingAddPrimitiveGranularity = "2"
[2025.08.12-16.45.01:228][968]Command not recognized: s.LevelStreamingUnregisterComponentsTimeLimit 1.0
[2025.08.12-16.45.01:228][968]s.LevelStreamingComponentsUnregistrationGranularity = "2"
[2025.08.12-16.45.01:228][968]dcs.runtime.DCSLazyLoad = "0"
[2025.08.12-16.45.01:228][968]ControlRig.DisableExecutionAll = "0"
[2025.08.12-16.45.01:228][968]dcs.SmoonthActorRouteInitialize = "1"
[2025.08.12-16.45.01:228][968]r.Shadow.Virtual.Cache = "1"
[2025.08.12-16.45.01:228][968]r.Shadow.Virtual.Clipmap.LastLevel = "22"
[2025.08.12-16.45.01:244][969]PIE: Warning: Interact Brush:  BP_Brush_Shape_C_2147440868 ISN'T attached to an Actor with Collisitn. Interact Volume will not work with it. Please make Actor:  DI_Katana01_C_2147440870 has query collision to 'WorldDynamic'
[2025.08.12-16.45.01:940][ 31]PIE: Warning: Interact Brush:  BP_Brush_Texture_C_2147439346 ISN'T attached to an Actor with Collisitn. Interact Volume will not work with it. Please make Actor:  MingBing_ChangQian_C_1 has query collision to 'WorldDynamic'
[2025.08.12-16.45.01:940][ 31]PIE: Warning: Interact Brush:  BP_Brush_Texture_C_2147439345 ISN'T attached to an Actor with Collisitn. Interact Volume will not work with it. Please make Actor:  MingBing_ChangQian_C_1 has query collision to 'WorldDynamic'
[2025.08.12-16.46.04:350][572]Closing by request
[2025.08.12-16.46.12:227][573]Log file closed, 08/13/25 00:46:12
